Log file open, 12/16/22 22:59:43
LogWindows: Failed to load 'aqProf.dll' (GetLastError=126)
LogWindows: File 'aqProf.dll' does not exist
LogWindows: Failed to load 'VtuneApi.dll' (GetLastError=126)
LogWindows: File 'VtuneApi.dll' does not exist
LogWindows: Failed to load 'VtuneApi32e.dll' (GetLastError=126)
LogWindows: File 'VtuneApi32e.dll' does not exist
LogConsoleResponse: Display: Failed to find resolution value strings in scalability ini. Falling back to default.
LogConsoleResponse: Display: Failed to find resolution value strings in scalability ini. Falling back to default.
LogInit: Display: Running engine for game: CrossyBootleg
LogPlatformFile: Not using cached read wrapper
LogTaskGraph: Started task graph with 5 named threads and 35 total threads with 3 sets of task threads.
LogStats: Stats thread started at 0.222587
LogICUInternationalization: ICU TimeZone Detection - Raw Offset: -8:00, Platform Override: ''
LogInit: Display: Loading text-based GConfig....
LogPluginManager: Mounting plugin MeshPainting
LogPluginManager: Mounting plugin XGEController
LogPluginManager: Mounting plugin Paper2D
LogPluginManager: Mounting plugin AISupport
LogPluginManager: Mounting plugin EnvironmentQueryEditor
LogPluginManager: Mounting plugin OodleNetwork
LogPluginManager: Mounting plugin OodleData
LogPluginManager: Mounting plugin LightPropagationVolume
LogPluginManager: Mounting plugin AnimationSharing
LogPluginManager: Mounting plugin CodeLiteSourceCodeAccess
LogPluginManager: Mounting plugin CLionSourceCodeAccess
LogPluginManager: Mounting plugin GitSourceControl
LogPluginManager: Mounting plugin KDevelopSourceCodeAccess
LogPluginManager: Mounting plugin NullSourceCodeAccess
LogPluginManager: Mounting plugin PerforceSourceControl
LogPluginManager: Mounting plugin PixWinPlugin
LogPluginManager: Mounting plugin PlasticSourceControl
LogPluginManager: Mounting plugin PluginUtils
LogPluginManager: Mounting plugin PropertyAccessNode
LogPluginManager: Mounting plugin RiderSourceCodeAccess
LogPluginManager: Mounting plugin SubversionSourceControl
LogPluginManager: Mounting plugin TextureFormatOodle
LogPluginManager: Mounting plugin UObjectPlugin
LogPluginManager: Mounting plugin VisualStudioCodeSourceCodeAccess
LogPluginManager: Mounting plugin VisualStudioSourceCodeAccess
LogPluginManager: Mounting plugin XCodeSourceCodeAccess
LogPluginManager: Mounting plugin DatasmithContent
LogPluginManager: Mounting plugin VariantManagerContent
LogPluginManager: Mounting plugin AssetManagerEditor
LogPluginManager: Mounting plugin CryptoKeys
LogPluginManager: Mounting plugin CurveEditorTools
LogPluginManager: Mounting plugin DataValidation
LogPluginManager: Mounting plugin FacialAnimation
LogPluginManager: Mounting plugin GeometryMode
LogPluginManager: Mounting plugin MacGraphicsSwitching
LogPluginManager: Mounting plugin GameplayTagsEditor
LogPluginManager: Mounting plugin MaterialAnalyzer
LogPluginManager: Mounting plugin MobileLauncherProfileWizard
LogPluginManager: Mounting plugin PluginBrowser
LogPluginManager: Mounting plugin SpeedTreeImporter
LogPluginManager: Mounting plugin Niagara
LogPluginManager: Mounting plugin LuminPlatformFeatures
LogPluginManager: Mounting plugin MagicLeap
LogPluginManager: Mounting plugin MagicLeapLightEstimation
LogPluginManager: Mounting plugin MagicLeapMedia
LogPluginManager: Mounting plugin MagicLeapPassableWorld
LogPluginManager: Mounting plugin MLSDK
LogPluginManager: Mounting plugin AndroidMedia
LogPluginManager: Mounting plugin AvfMedia
LogPluginManager: Mounting plugin ImgMedia
LogPluginManager: Mounting plugin MediaCompositing
LogPluginManager: Mounting plugin AlembicImporter
LogPluginManager: Mounting plugin AutomationUtils
LogPluginManager: Mounting plugin BackChannel
LogPluginManager: Mounting plugin MediaPlayerEditor
LogPluginManager: Mounting plugin TcpMessaging
LogPluginManager: Mounting plugin UdpMessaging
LogPluginManager: Mounting plugin WebMMedia
LogPluginManager: Mounting plugin WmfMedia
LogPluginManager: Mounting plugin ChaosCloth
LogPluginManager: Mounting plugin ChaosClothEditor
LogPluginManager: Mounting plugin ChaosEditor
LogPluginManager: Mounting plugin ChaosNiagara
LogPluginManager: Mounting plugin ChaosSolverPlugin
LogPluginManager: Mounting plugin CharacterAI
LogPluginManager: Mounting plugin GeometryCache
LogPluginManager: Mounting plugin ActorSequence
LogPluginManager: Mounting plugin LevelSequenceEditor
LogPluginManager: Mounting plugin GeometryCollectionPlugin
LogPluginManager: Mounting plugin MatineeToLevelSequence
LogPluginManager: Mounting plugin TemplateSequence
LogPluginManager: Mounting plugin GeometryProcessing
LogPluginManager: Mounting plugin OpenImageDenoise
LogPluginManager: Mounting plugin MotoSynth
LogPluginManager: Mounting plugin PlatformCrypto
LogPluginManager: Mounting plugin PlanarCut
LogPluginManager: Mounting plugin ProxyLODPlugin
LogPluginManager: Mounting plugin PythonScriptPlugin
LogPluginManager: Mounting plugin SkeletalReduction
LogPluginManager: Mounting plugin OnlineSubsystem
LogPluginManager: Mounting plugin OnlineSubsystemNull
LogPluginManager: Mounting plugin OnlineSubsystemUtils
LogPluginManager: Mounting plugin LauncherChunkInstaller
LogPluginManager: Mounting plugin ActorLayerUtilities
LogPluginManager: Mounting plugin AndroidDeviceProfileSelector
LogPluginManager: Mounting plugin AndroidMoviePlayer
LogPluginManager: Mounting plugin AndroidPermission
LogPluginManager: Mounting plugin AppleImageUtils
LogPluginManager: Mounting plugin AppleMoviePlayer
LogPluginManager: Mounting plugin ArchVisCharacter
LogPluginManager: Mounting plugin AssetTags
LogPluginManager: Mounting plugin AudioSynesthesia
LogPluginManager: Mounting plugin AudioCapture
LogPluginManager: Mounting plugin CableComponent
LogPluginManager: Mounting plugin ChunkDownloader
LogPluginManager: Mounting plugin CustomMeshComponent
LogPluginManager: Mounting plugin EditableMesh
LogPluginManager: Mounting plugin ExampleDeviceProfileSelector
LogPluginManager: Mounting plugin GoogleCloudMessaging
LogPluginManager: Mounting plugin GooglePAD
LogPluginManager: Mounting plugin ScreenshotTools
LogPluginManager: Mounting plugin IOSDeviceProfileSelector
LogPluginManager: Mounting plugin LinuxDeviceProfileSelector
LogPluginManager: Mounting plugin LocationServicesBPLibrary
LogPluginManager: Mounting plugin MobilePatchingUtils
LogPluginManager: Mounting plugin OpenXR
LogPluginManager: Mounting plugin OpenXREyeTracker
LogPluginManager: Mounting plugin OpenXRHandTracking
LogPluginManager: Mounting plugin PhysXVehicles
LogPluginManager: Mounting plugin PostSplashScreen
LogPluginManager: Mounting plugin ProceduralMeshComponent
LogPluginManager: Mounting plugin PropertyAccessEditor
LogPluginManager: Mounting plugin RuntimePhysXCooking
LogPluginManager: Mounting plugin SignificanceManager
LogPluginManager: Mounting plugin SoundFields
LogPluginManager: Mounting plugin Synthesis
LogPluginManager: Mounting plugin Takes
LogPluginManager: Mounting plugin WebMMoviePlayer
LogPluginManager: Mounting plugin WindowsMoviePlayer
LogPluginManager: Mounting plugin LiveLink
LogPluginManager: Mounting plugin GameplayCameras
LogPluginManager: Mounting plugin CameraShakePreviewer
LogPluginManager: Mounting plugin ContentBrowserAssetDataSource
LogPluginManager: Mounting plugin ContentBrowserClassDataSource
LogPluginManager: Mounting plugin ContentBrowserFileDataSource
LogPluginManager: Mounting plugin OnlineSubsystemGooglePlay
LogPluginManager: Mounting plugin OnlineSubsystemIOS
LogPluginManager: Mounting plugin OculusVR
LogPluginManager: Mounting plugin SteamVR
PixWinPlugin: PIX capture plugin failed to initialize! Check that the process is launched from PIX.
LogInit: Using libcurl 7.55.1-DEV
LogInit:  - built for x86_64-pc-win32
LogInit:  - supports SSL with OpenSSL/1.1.1
LogInit:  - supports HTTP deflate (compression) using libz 1.2.8
LogInit:  - other features:
LogInit:      CURL_VERSION_SSL
LogInit:      CURL_VERSION_LIBZ
LogInit:      CURL_VERSION_IPV6
LogInit:      CURL_VERSION_ASYNCHDNS
LogInit:      CURL_VERSION_LARGEFILE
LogInit:      CURL_VERSION_IDN
LogInit:  CurlRequestOptions (configurable via config and command line):
LogInit:  - bVerifyPeer = true  - Libcurl will verify peer certificate
LogInit:  - bUseHttpProxy = false  - Libcurl will NOT use HTTP proxy
LogInit:  - bDontReuseConnections = false  - Libcurl will reuse connections
LogInit:  - MaxHostConnections = 16  - Libcurl will limit the number of connections to a host
LogInit:  - LocalHostAddr = Default
LogInit:  - BufferSize = 65536
LogOnline: OSS: Creating online subsystem instance for: NULL
LogInit: WinSock: version 1.1 (2.2), MaxSocks=32767, MaxUdp=65467
LogOnline: OSS: TryLoadSubsystemAndSetDefault: Loaded subsystem for module [NULL]
LogOculusPluginWrapper: OculusPlugin initialized successfully
LogHMD: Failed initializing OVRPlugin 1.59.0
LogInit: Build: ++UE4+Release-4.27-CL-18319896
LogInit: Engine Version: 4.27.2-18319896+++UE4+Release-4.27
LogInit: Compatible Engine Version: 4.27.0-17155196+++UE4+Release-4.27
LogInit: Net CL: 17155196
LogInit: OS: Windows 10 (Release 2009) (), CPU: Intel(R) Core(TM) i7-10750H CPU @ 2.60GHz, GPU: Intel(R) UHD Graphics
LogInit: Compiled (64-bit): Nov 30 2021 07:12:08
LogInit: Compiled with Visual C++: 19.24.28315.00
LogInit: Build Configuration: Development
LogInit: Branch Name: ++UE4+Release-4.27
LogInit: Command Line:  /Game/ThirdPersonBP/Maps/ThirdPersonExampleMap -game -PIEVIACONSOLE -Multiprocess "GameUserSettingsINI=C:/Users/Vince/Documents/Unreal Projects/CrossyBootleg/Saved/Config/Windows/PIEGameUserSettings0.ini" -MultiprocessSaveConfig -forcepassthrough -messaging -SessionName="Play in Standalone Game" -windowed -ResX=1280 -ResY=720
LogInit: Base Directory: C:/Program Files/Epic Games/UE_4.27/Engine/Binaries/Win64/
LogInit: Allocator: TBB
LogInit: Installed Engine Build: 1
LogDevObjectVersion: Number of dev versions registered: 29
LogDevObjectVersion:   Dev-Blueprints (B0D832E4-1F89-4F0D-ACCF-7EB736FD4AA2): 10
LogDevObjectVersion:   Dev-Build (E1C64328-A22C-4D53-A36C-8E866417BD8C): 0
LogDevObjectVersion:   Dev-Core (375EC13C-06E4-48FB-B500-84F0262A717E): 4
LogDevObjectVersion:   Dev-Editor (E4B068ED-F494-42E9-A231-DA0B2E46BB41): 40
LogDevObjectVersion:   Dev-Framework (CFFC743F-43B0-4480-9391-14DF171D2073): 37
LogDevObjectVersion:   Dev-Mobile (B02B49B5-BB20-44E9-A304-32B752E40360): 3
LogDevObjectVersion:   Dev-Networking (A4E4105C-59A1-49B5-A7C5-40C4547EDFEE): 0
LogDevObjectVersion:   Dev-Online (39C831C9-5AE6-47DC-9A44-9C173E1C8E7C): 0
LogDevObjectVersion:   Dev-Physics (78F01B33-EBEA-4F98-B9B4-84EACCB95AA2): 14
LogDevObjectVersion:   Dev-Platform (6631380F-2D4D-43E0-8009-CF276956A95A): 0
LogDevObjectVersion:   Dev-Rendering (12F88B9F-8875-4AFC-A67C-D90C383ABD29): 45
LogDevObjectVersion:   Dev-Sequencer (7B5AE74C-D270-4C10-A958-57980B212A5A): 13
LogDevObjectVersion:   Dev-VR (D7296918-1DD6-4BDD-9DE2-64A83CC13884): 3
LogDevObjectVersion:   Dev-LoadTimes (C2A15278-BFE7-4AFE-6C17-90FF531DF755): 1
LogDevObjectVersion:   Private-Geometry (6EACA3D4-40EC-4CC1-B786-8BED09428FC5): 3
LogDevObjectVersion:   Dev-AnimPhys (29E575DD-E0A3-4627-9D10-D276232CDCEA): 17
LogDevObjectVersion:   Dev-Anim (AF43A65D-7FD3-4947-9873-3E8ED9C1BB05): 15
LogDevObjectVersion:   Dev-ReflectionCapture (6B266CEC-1EC7-4B8F-A30B-E4D90942FC07): 1
LogDevObjectVersion:   Dev-Automation (0DF73D61-A23F-47EA-B727-89E90C41499A): 1
LogDevObjectVersion:   FortniteMain (601D1886-AC64-4F84-AA16-D3DE0DEAC7D6): 47
LogDevObjectVersion:   FortniteRelease (E7086368-6B23-4C58-8439-1B7016265E91): 1
LogDevObjectVersion:   Dev-Enterprise (9DFFBCD6-494F-0158-E221-12823C92A888): 10
LogDevObjectVersion:   Dev-Niagara (F2AED0AC-9AFE-416F-8664-AA7FFA26D6FC): 1
LogDevObjectVersion:   Dev-Destruction (174F1F0B-B4C6-45A5-B13F-2EE8D0FB917D): 10
LogDevObjectVersion:   Dev-Physics-Ext (35F94A83-E258-406C-A318-09F59610247C): 41
LogDevObjectVersion:   Dev-PhysicsMaterial-Chaos (B68FC16E-8B1B-42E2-B453-215C058844FE): 1
LogDevObjectVersion:   Dev-CineCamera (B2E18506-4273-CFC2-A54E-F4BB758BBA07): 1
LogDevObjectVersion:   Dev-VirtualProduction (64F58936-FD1B-42BA-BA96-7289D5D0FA4E): 1
LogDevObjectVersion:   Dev-MediaFramework (6F0ED827-A609-4895-9C91-998D90180EA4): 2
LogInit: Presizing for max 25165824 objects, including 0 objects not considered by GC, pre-allocating 0 bytes for permanent pool.
LogConfig: Applying CVar settings from Section [/Script/Engine.StreamingSettings] File [C:/Users/Vince/Documents/Unreal Projects/CrossyBootleg/Saved/Config/Windows/Engine.ini]
LogConfig: Setting CVar [[s.MinBulkDataSizeForAsyncLoading:131072]]
LogConfig: Setting CVar [[s.AsyncLoadingThreadEnabled:0]]
LogConfig: Setting CVar [[s.EventDrivenLoaderEnabled:1]]
LogConfig: Setting CVar [[s.WarnIfTimeLimitExceeded:0]]
LogConfig: Setting CVar [[s.TimeLimitExceededMultiplier:1.5]]
LogConfig: Setting CVar [[s.TimeLimitExceededMinTime:0.005]]
LogConfig: Setting CVar [[s.UseBackgroundLevelStreaming:1]]
LogConfig: Setting CVar [[s.PriorityAsyncLoadingExtraTime:15.0]]
LogConfig: Setting CVar [[s.LevelStreamingActorsUpdateTimeLimit:5.0]]
LogConfig: Setting CVar [[s.PriorityLevelStreamingActorsUpdateExtraTime:5.0]]
LogConfig: Setting CVar [[s.LevelStreamingComponentsRegistrationGranularity:10]]
LogConfig: Setting CVar [[s.UnregisterComponentsTimeLimit:1.0]]
LogConfig: Setting CVar [[s.LevelStreamingComponentsUnregistrationGranularity:5]]
LogConfig: Setting CVar [[s.FlushStreamingOnExit:1]]
LogInit: Object subsystem initialized
LogConfig: Setting CVar [[con.DebugEarlyDefault:1]]
LogConfig: Setting CVar [[r.setres:1280x720]]
[2022.12.17-06.59.43:819][  0]LogConfig: Setting CVar [[con.DebugEarlyDefault:1]]
[2022.12.17-06.59.43:819][  0]LogConfig: Setting CVar [[r.setres:1280x720]]
[2022.12.17-06.59.43:819][  0]LogConfig: Applying CVar settings from Section [/Script/Engine.RendererSettings] File [C:/Users/Vince/Documents/Unreal Projects/CrossyBootleg/Saved/Config/Windows/Engine.ini]
[2022.12.17-06.59.43:819][  0]LogConfig: Setting CVar [[r.GPUCrashDebugging:0]]
[2022.12.17-06.59.43:819][  0]LogConfig: Applying CVar settings from Section [/Script/Engine.RendererOverrideSettings] File [C:/Users/Vince/Documents/Unreal Projects/CrossyBootleg/Saved/Config/Windows/Engine.ini]
[2022.12.17-06.59.43:819][  0]LogConfig: Applying CVar settings from Section [/Script/Engine.StreamingSettings] File [C:/Users/Vince/Documents/Unreal Projects/CrossyBootleg/Saved/Config/Windows/Engine.ini]
[2022.12.17-06.59.43:819][  0]LogConfig: Setting CVar [[s.MinBulkDataSizeForAsyncLoading:131072]]
[2022.12.17-06.59.43:819][  0]LogConfig: Setting CVar [[s.AsyncLoadingThreadEnabled:0]]
[2022.12.17-06.59.43:819][  0]LogConfig: Setting CVar [[s.EventDrivenLoaderEnabled:1]]
[2022.12.17-06.59.43:819][  0]LogConfig: Setting CVar [[s.WarnIfTimeLimitExceeded:0]]
[2022.12.17-06.59.43:819][  0]LogConfig: Setting CVar [[s.TimeLimitExceededMultiplier:1.5]]
[2022.12.17-06.59.43:819][  0]LogConfig: Setting CVar [[s.TimeLimitExceededMinTime:0.005]]
[2022.12.17-06.59.43:819][  0]LogConfig: Setting CVar [[s.UseBackgroundLevelStreaming:1]]
[2022.12.17-06.59.43:819][  0]LogConfig: Setting CVar [[s.PriorityAsyncLoadingExtraTime:15.0]]
[2022.12.17-06.59.43:819][  0]LogConfig: Setting CVar [[s.LevelStreamingActorsUpdateTimeLimit:5.0]]
[2022.12.17-06.59.43:819][  0]LogConfig: Setting CVar [[s.PriorityLevelStreamingActorsUpdateExtraTime:5.0]]
[2022.12.17-06.59.43:819][  0]LogConfig: Setting CVar [[s.LevelStreamingComponentsRegistrationGranularity:10]]
[2022.12.17-06.59.43:819][  0]LogConfig: Setting CVar [[s.UnregisterComponentsTimeLimit:1.0]]
[2022.12.17-06.59.43:819][  0]LogConfig: Setting CVar [[s.LevelStreamingComponentsUnregistrationGranularity:5]]
[2022.12.17-06.59.43:819][  0]LogConfig: Setting CVar [[s.FlushStreamingOnExit:1]]
[2022.12.17-06.59.43:819][  0]LogConfig: Applying CVar settings from Section [/Script/Engine.GarbageCollectionSettings] File [C:/Users/Vince/Documents/Unreal Projects/CrossyBootleg/Saved/Config/Windows/Engine.ini]
[2022.12.17-06.59.43:819][  0]LogConfig: Setting CVar [[gc.MaxObjectsNotConsideredByGC:1]]
[2022.12.17-06.59.43:819][  0]LogConfig: Setting CVar [[gc.SizeOfPermanentObjectPool:0]]
[2022.12.17-06.59.43:819][  0]LogConfig: Setting CVar [[gc.FlushStreamingOnGC:0]]
[2022.12.17-06.59.43:819][  0]LogConfig: Setting CVar [[gc.NumRetriesBeforeForcingGC:10]]
[2022.12.17-06.59.43:819][  0]LogConfig: Setting CVar [[gc.AllowParallelGC:1]]
[2022.12.17-06.59.43:819][  0]LogConfig: Setting CVar [[gc.TimeBetweenPurgingPendingKillObjects:61.1]]
[2022.12.17-06.59.43:819][  0]LogConfig: Setting CVar [[gc.MaxObjectsInEditor:25165824]]
[2022.12.17-06.59.43:819][  0]LogConfig: Setting CVar [[gc.IncrementalBeginDestroyEnabled:1]]
[2022.12.17-06.59.43:819][  0]LogConfig: Setting CVar [[gc.CreateGCClusters:1]]
[2022.12.17-06.59.43:819][  0]LogConfig: Setting CVar [[gc.MinGCClusterSize:5]]
[2022.12.17-06.59.43:819][  0]LogConfig: Setting CVar [[gc.ActorClusteringEnabled:0]]
[2022.12.17-06.59.43:819][  0]LogConfig: Setting CVar [[gc.BlueprintClusteringEnabled:0]]
[2022.12.17-06.59.43:819][  0]LogConfig: Setting CVar [[gc.UseDisregardForGCOnDedicatedServers:0]]
[2022.12.17-06.59.43:819][  0]LogConfig: Setting CVar [[gc.MultithreadedDestructionEnabled:1]]
[2022.12.17-06.59.43:819][  0]LogConfig: Applying CVar settings from Section [/Script/Engine.NetworkSettings] File [C:/Users/Vince/Documents/Unreal Projects/CrossyBootleg/Saved/Config/Windows/Engine.ini]
[2022.12.17-06.59.43:819][  0]LogConfig: Applying CVar settings from Section [/Script/UnrealEd.CookerSettings] File [C:/Users/Vince/Documents/Unreal Projects/CrossyBootleg/Saved/Config/Windows/Engine.ini]
[2022.12.17-06.59.43:826][  0]LogConfig: Applying CVar settings from Section [ViewDistanceQuality@3] File [C:/Users/Vince/Documents/Unreal Projects/CrossyBootleg/Saved/Config/Windows/Scalability.ini]
[2022.12.17-06.59.43:826][  0]LogConfig: Setting CVar [[r.SkeletalMeshLODBias:0]]
[2022.12.17-06.59.43:826][  0]LogConfig: Setting CVar [[r.ViewDistanceScale:1.0]]
[2022.12.17-06.59.43:826][  0]LogConfig: Applying CVar settings from Section [AntiAliasingQuality@3] File [C:/Users/Vince/Documents/Unreal Projects/CrossyBootleg/Saved/Config/Windows/Scalability.ini]
[2022.12.17-06.59.43:826][  0]LogConfig: Setting CVar [[r.PostProcessAAQuality:4]]
[2022.12.17-06.59.43:826][  0]LogConfig: Applying CVar settings from Section [ShadowQuality@3] File [C:/Users/Vince/Documents/Unreal Projects/CrossyBootleg/Saved/Config/Windows/Scalability.ini]
[2022.12.17-06.59.43:826][  0]LogConfig: Setting CVar [[r.LightFunctionQuality:1]]
[2022.12.17-06.59.43:826][  0]LogConfig: Setting CVar [[r.ShadowQuality:5]]
[2022.12.17-06.59.43:826][  0]LogConfig: Setting CVar [[r.Shadow.CSM.MaxCascades:10]]
[2022.12.17-06.59.43:826][  0]LogConfig: Setting CVar [[r.Shadow.MaxResolution:2048]]
[2022.12.17-06.59.43:826][  0]LogConfig: Setting CVar [[r.Shadow.MaxCSMResolution:2048]]
[2022.12.17-06.59.43:826][  0]LogConfig: Setting CVar [[r.Shadow.RadiusThreshold:0.01]]
[2022.12.17-06.59.43:826][  0]LogConfig: Setting CVar [[r.Shadow.DistanceScale:1.0]]
[2022.12.17-06.59.43:826][  0]LogConfig: Setting CVar [[r.Shadow.CSM.TransitionScale:1.0]]
[2022.12.17-06.59.43:826][  0]LogConfig: Setting CVar [[r.Shadow.PreShadowResolutionFactor:1.0]]
[2022.12.17-06.59.43:826][  0]LogConfig: Setting CVar [[r.DistanceFieldShadowing:1]]
[2022.12.17-06.59.43:826][  0]LogConfig: Setting CVar [[r.DistanceFieldAO:1]]
[2022.12.17-06.59.43:826][  0]LogConfig: Setting CVar [[r.AOQuality:2]]
[2022.12.17-06.59.43:826][  0]LogConfig: Setting CVar [[r.VolumetricFog:1]]
[2022.12.17-06.59.43:826][  0]LogConfig: Setting CVar [[r.VolumetricFog.GridPixelSize:8]]
[2022.12.17-06.59.43:826][  0]LogConfig: Setting CVar [[r.VolumetricFog.GridSizeZ:128]]
[2022.12.17-06.59.43:826][  0]LogConfig: Setting CVar [[r.VolumetricFog.HistoryMissSupersampleCount:4]]
[2022.12.17-06.59.43:826][  0]LogConfig: Setting CVar [[r.LightMaxDrawDistanceScale:1]]
[2022.12.17-06.59.43:826][  0]LogConfig: Setting CVar [[r.CapsuleShadows:1]]
[2022.12.17-06.59.43:826][  0]LogConfig: Applying CVar settings from Section [PostProcessQuality@3] File [C:/Users/Vince/Documents/Unreal Projects/CrossyBootleg/Saved/Config/Windows/Scalability.ini]
[2022.12.17-06.59.43:826][  0]LogConfig: Setting CVar [[r.MotionBlurQuality:4]]
[2022.12.17-06.59.43:826][  0]LogConfig: Setting CVar [[r.AmbientOcclusionMipLevelFactor:0.4]]
[2022.12.17-06.59.43:826][  0]LogConfig: Setting CVar [[r.AmbientOcclusionMaxQuality:100]]
[2022.12.17-06.59.43:826][  0]LogConfig: Setting CVar [[r.AmbientOcclusionLevels:-1]]
[2022.12.17-06.59.43:826][  0]LogConfig: Setting CVar [[r.AmbientOcclusionRadiusScale:1.0]]
[2022.12.17-06.59.43:826][  0]LogConfig: Setting CVar [[r.DepthOfFieldQuality:2]]
[2022.12.17-06.59.43:826][  0]LogConfig: Setting CVar [[r.RenderTargetPoolMin:400]]
[2022.12.17-06.59.43:826][  0]LogConfig: Setting CVar [[r.LensFlareQuality:2]]
[2022.12.17-06.59.43:826][  0]LogConfig: Setting CVar [[r.SceneColorFringeQuality:1]]
[2022.12.17-06.59.43:826][  0]LogConfig: Setting CVar [[r.EyeAdaptationQuality:2]]
[2022.12.17-06.59.43:826][  0]LogConfig: Setting CVar [[r.BloomQuality:5]]
[2022.12.17-06.59.43:826][  0]LogConfig: Setting CVar [[r.FastBlurThreshold:100]]
[2022.12.17-06.59.43:826][  0]LogConfig: Setting CVar [[r.Upscale.Quality:3]]
[2022.12.17-06.59.43:826][  0]LogConfig: Setting CVar [[r.Tonemapper.GrainQuantization:1]]
[2022.12.17-06.59.43:826][  0]LogConfig: Setting CVar [[r.LightShaftQuality:1]]
[2022.12.17-06.59.43:826][  0]LogConfig: Setting CVar [[r.Filter.SizeScale:1]]
[2022.12.17-06.59.43:826][  0]LogConfig: Setting CVar [[r.Tonemapper.Quality:5]]
[2022.12.17-06.59.43:826][  0]LogConfig: Setting CVar [[r.DOF.Gather.AccumulatorQuality:1        ; higher gathering accumulator quality]]
[2022.12.17-06.59.43:826][  0]LogConfig: Setting CVar [[r.DOF.Gather.PostfilterMethod:1          ; Median3x3 postfilering method]]
[2022.12.17-06.59.43:826][  0]LogConfig: Setting CVar [[r.DOF.Gather.EnableBokehSettings:0       ; no bokeh simulation when gathering]]
[2022.12.17-06.59.43:826][  0]LogConfig: Setting CVar [[r.DOF.Gather.RingCount:4                 ; medium number of samples when gathering]]
[2022.12.17-06.59.43:826][  0]LogConfig: Setting CVar [[r.DOF.Scatter.ForegroundCompositing:1    ; additive foreground scattering]]
[2022.12.17-06.59.43:826][  0]LogConfig: Setting CVar [[r.DOF.Scatter.BackgroundCompositing:2    ; additive background scattering]]
[2022.12.17-06.59.43:826][  0]LogConfig: Setting CVar [[r.DOF.Scatter.EnableBokehSettings:1      ; bokeh simulation when scattering]]
[2022.12.17-06.59.43:826][  0]LogConfig: Setting CVar [[r.DOF.Scatter.MaxSpriteRatio:0.1         ; only a maximum of 10% of scattered bokeh]]
[2022.12.17-06.59.43:826][  0]LogConfig: Setting CVar [[r.DOF.Recombine.Quality:1                ; cheap slight out of focus]]
[2022.12.17-06.59.43:826][  0]LogConfig: Setting CVar [[r.DOF.Recombine.EnableBokehSettings:0    ; no bokeh simulation on slight out of focus]]
[2022.12.17-06.59.43:826][  0]LogConfig: Setting CVar [[r.DOF.TemporalAAQuality:1                ; more stable temporal accumulation]]
[2022.12.17-06.59.43:826][  0]LogConfig: Setting CVar [[r.DOF.Kernel.MaxForegroundRadius:0.025]]
[2022.12.17-06.59.43:826][  0]LogConfig: Setting CVar [[r.DOF.Kernel.MaxBackgroundRadius:0.025]]
[2022.12.17-06.59.43:826][  0]LogConfig: Applying CVar settings from Section [TextureQuality@3] File [C:/Users/Vince/Documents/Unreal Projects/CrossyBootleg/Saved/Config/Windows/Scalability.ini]
[2022.12.17-06.59.43:826][  0]LogConfig: Setting CVar [[r.Streaming.MipBias:0]]
[2022.12.17-06.59.43:826][  0]LogConfig: Setting CVar [[r.Streaming.AmortizeCPUToGPUCopy:0]]
[2022.12.17-06.59.43:826][  0]LogConfig: Setting CVar [[r.Streaming.MaxNumTexturesToStreamPerFrame:0]]
[2022.12.17-06.59.43:826][  0]LogConfig: Setting CVar [[r.Streaming.Boost:1]]
[2022.12.17-06.59.43:826][  0]LogConfig: Setting CVar [[r.MaxAnisotropy:8]]
[2022.12.17-06.59.43:826][  0]LogConfig: Setting CVar [[r.VT.MaxAnisotropy:8]]
[2022.12.17-06.59.43:826][  0]LogConfig: Setting CVar [[r.Streaming.LimitPoolSizeToVRAM:0]]
[2022.12.17-06.59.43:826][  0]LogConfig: Setting CVar [[r.Streaming.PoolSize:1000]]
[2022.12.17-06.59.43:826][  0]LogConfig: Setting CVar [[r.Streaming.MaxEffectiveScreenSize:0]]
[2022.12.17-06.59.43:826][  0]LogConfig: Applying CVar settings from Section [EffectsQuality@3] File [C:/Users/Vince/Documents/Unreal Projects/CrossyBootleg/Saved/Config/Windows/Scalability.ini]
[2022.12.17-06.59.43:826][  0]LogConfig: Setting CVar [[r.TranslucencyLightingVolumeDim:64]]
[2022.12.17-06.59.43:826][  0]LogConfig: Setting CVar [[r.RefractionQuality:2]]
[2022.12.17-06.59.43:826][  0]LogConfig: Setting CVar [[r.SSR.Quality:3]]
[2022.12.17-06.59.43:826][  0]LogConfig: Setting CVar [[r.SSR.HalfResSceneColor:0]]
[2022.12.17-06.59.43:826][  0]LogConfig: Setting CVar [[r.SceneColorFormat:4]]
[2022.12.17-06.59.43:826][  0]LogConfig: Setting CVar [[r.DetailMode:2]]
[2022.12.17-06.59.43:826][  0]LogConfig: Setting CVar [[r.TranslucencyVolumeBlur:1]]
[2022.12.17-06.59.43:826][  0]LogConfig: Setting CVar [[r.MaterialQualityLevel:1 ; High quality]]
[2022.12.17-06.59.43:826][  0]LogConfig: Setting CVar [[r.AnisotropicMaterials:1]]
[2022.12.17-06.59.43:827][  0]LogConfig: Setting CVar [[r.SSS.Scale:1]]
[2022.12.17-06.59.43:827][  0]LogConfig: Setting CVar [[r.SSS.SampleSet:2]]
[2022.12.17-06.59.43:827][  0]LogConfig: Setting CVar [[r.SSS.Quality:1]]
[2022.12.17-06.59.43:827][  0]LogConfig: Setting CVar [[r.SSS.HalfRes:0]]
[2022.12.17-06.59.43:827][  0]LogConfig: Setting CVar [[r.SSGI.Quality:3]]
[2022.12.17-06.59.43:827][  0]LogConfig: Setting CVar [[r.EmitterSpawnRateScale:1.0]]
[2022.12.17-06.59.43:827][  0]LogConfig: Setting CVar [[r.ParticleLightQuality:2]]
[2022.12.17-06.59.43:827][  0]LogConfig: Setting CVar [[r.SkyAtmosphere.AerialPerspectiveLUT.FastApplyOnOpaque:1 ; Always have FastSkyLUT 1 in this case to avoid wrong sky]]
[2022.12.17-06.59.43:827][  0]LogConfig: Setting CVar [[r.SkyAtmosphere.AerialPerspectiveLUT.SampleCountMaxPerSlice:4]]
[2022.12.17-06.59.43:827][  0]LogConfig: Setting CVar [[r.SkyAtmosphere.AerialPerspectiveLUT.DepthResolution:16.0]]
[2022.12.17-06.59.43:827][  0]LogConfig: Setting CVar [[r.SkyAtmosphere.FastSkyLUT:1]]
[2022.12.17-06.59.43:827][  0]LogConfig: Setting CVar [[r.SkyAtmosphere.FastSkyLUT.SampleCountMin:4.0]]
[2022.12.17-06.59.43:827][  0]LogConfig: Setting CVar [[r.SkyAtmosphere.FastSkyLUT.SampleCountMax:128.0]]
[2022.12.17-06.59.43:827][  0]LogConfig: Setting CVar [[r.SkyAtmosphere.SampleCountMin:4.0]]
[2022.12.17-06.59.43:827][  0]LogConfig: Setting CVar [[r.SkyAtmosphere.SampleCountMax:128.0]]
[2022.12.17-06.59.43:827][  0]LogConfig: Setting CVar [[r.SkyAtmosphere.TransmittanceLUT.UseSmallFormat:0]]
[2022.12.17-06.59.43:827][  0]LogConfig: Setting CVar [[r.SkyAtmosphere.TransmittanceLUT.SampleCount:10.0]]
[2022.12.17-06.59.43:827][  0]LogConfig: Setting CVar [[r.SkyAtmosphere.MultiScatteringLUT.SampleCount:15.0]]
[2022.12.17-06.59.43:827][  0]LogConfig: Setting CVar [[r.SkyLight.RealTimeReflectionCapture:1]]
[2022.12.17-06.59.43:827][  0]LogConfig: Applying CVar settings from Section [FoliageQuality@3] File [C:/Users/Vince/Documents/Unreal Projects/CrossyBootleg/Saved/Config/Windows/Scalability.ini]
[2022.12.17-06.59.43:827][  0]LogConfig: Setting CVar [[foliage.DensityScale:1.0]]
[2022.12.17-06.59.43:827][  0]LogConfig: Setting CVar [[grass.DensityScale:1.0]]
[2022.12.17-06.59.43:827][  0]LogConfig: Applying CVar settings from Section [ShadingQuality@3] File [C:/Users/Vince/Documents/Unreal Projects/CrossyBootleg/Saved/Config/Windows/Scalability.ini]
[2022.12.17-06.59.43:827][  0]LogConfig: Setting CVar [[r.HairStrands.SkyLighting.IntegrationType:2]]
[2022.12.17-06.59.43:827][  0]LogConfig: Setting CVar [[r.HairStrands.SkyAO.SampleCount:4]]
[2022.12.17-06.59.43:827][  0]LogConfig: Setting CVar [[r.HairStrands.Visibility.MSAA.SamplePerPixel:4]]
[2022.12.17-06.59.43:827][  0]LogInit: Selected Device Profile: [Windows]
[2022.12.17-06.59.43:827][  0]LogInit: Applying CVar settings loaded from the selected device profile: [Windows]
[2022.12.17-06.59.43:827][  0]LogHAL: Display: Platform has ~ 16 GB [16993009664 / 17179869184 / 16], which maps to Larger [LargestMinGB=32, LargerMinGB=12, DefaultMinGB=8, SmallerMinGB=6, SmallestMinGB=0)
[2022.12.17-06.59.43:827][  0]LogInit: Going up to parent DeviceProfile []
[2022.12.17-06.59.43:827][  0]LogConfig: Applying CVar settings from Section [ViewDistanceQuality@3] File [C:/Users/Vince/Documents/Unreal Projects/CrossyBootleg/Saved/Config/Windows/Scalability.ini]
[2022.12.17-06.59.43:827][  0]LogConfig: Setting CVar [[r.SkeletalMeshLODBias:0]]
[2022.12.17-06.59.43:827][  0]LogConfig: Setting CVar [[r.ViewDistanceScale:1.0]]
[2022.12.17-06.59.43:827][  0]LogConfig: Applying CVar settings from Section [AntiAliasingQuality@3] File [C:/Users/Vince/Documents/Unreal Projects/CrossyBootleg/Saved/Config/Windows/Scalability.ini]
[2022.12.17-06.59.43:827][  0]LogConfig: Setting CVar [[r.PostProcessAAQuality:4]]
[2022.12.17-06.59.43:827][  0]LogConfig: Applying CVar settings from Section [ShadowQuality@3] File [C:/Users/Vince/Documents/Unreal Projects/CrossyBootleg/Saved/Config/Windows/Scalability.ini]
[2022.12.17-06.59.43:827][  0]LogConfig: Setting CVar [[r.LightFunctionQuality:1]]
[2022.12.17-06.59.43:827][  0]LogConfig: Setting CVar [[r.ShadowQuality:5]]
[2022.12.17-06.59.43:827][  0]LogConfig: Setting CVar [[r.Shadow.CSM.MaxCascades:10]]
[2022.12.17-06.59.43:827][  0]LogConfig: Setting CVar [[r.Shadow.MaxResolution:2048]]
[2022.12.17-06.59.43:827][  0]LogConfig: Setting CVar [[r.Shadow.MaxCSMResolution:2048]]
[2022.12.17-06.59.43:827][  0]LogConfig: Setting CVar [[r.Shadow.RadiusThreshold:0.01]]
[2022.12.17-06.59.43:827][  0]LogConfig: Setting CVar [[r.Shadow.DistanceScale:1.0]]
[2022.12.17-06.59.43:827][  0]LogConfig: Setting CVar [[r.Shadow.CSM.TransitionScale:1.0]]
[2022.12.17-06.59.43:827][  0]LogConfig: Setting CVar [[r.Shadow.PreShadowResolutionFactor:1.0]]
[2022.12.17-06.59.43:827][  0]LogConfig: Setting CVar [[r.DistanceFieldShadowing:1]]
[2022.12.17-06.59.43:827][  0]LogConfig: Setting CVar [[r.DistanceFieldAO:1]]
[2022.12.17-06.59.43:827][  0]LogConfig: Setting CVar [[r.AOQuality:2]]
[2022.12.17-06.59.43:827][  0]LogConfig: Setting CVar [[r.VolumetricFog:1]]
[2022.12.17-06.59.43:827][  0]LogConfig: Setting CVar [[r.VolumetricFog.GridPixelSize:8]]
[2022.12.17-06.59.43:827][  0]LogConfig: Setting CVar [[r.VolumetricFog.GridSizeZ:128]]
[2022.12.17-06.59.43:827][  0]LogConfig: Setting CVar [[r.VolumetricFog.HistoryMissSupersampleCount:4]]
[2022.12.17-06.59.43:827][  0]LogConfig: Setting CVar [[r.LightMaxDrawDistanceScale:1]]
[2022.12.17-06.59.43:827][  0]LogConfig: Setting CVar [[r.CapsuleShadows:1]]
[2022.12.17-06.59.43:827][  0]LogConfig: Applying CVar settings from Section [PostProcessQuality@3] File [C:/Users/Vince/Documents/Unreal Projects/CrossyBootleg/Saved/Config/Windows/Scalability.ini]
[2022.12.17-06.59.43:827][  0]LogConfig: Setting CVar [[r.MotionBlurQuality:4]]
[2022.12.17-06.59.43:827][  0]LogConfig: Setting CVar [[r.AmbientOcclusionMipLevelFactor:0.4]]
[2022.12.17-06.59.43:827][  0]LogConfig: Setting CVar [[r.AmbientOcclusionMaxQuality:100]]
[2022.12.17-06.59.43:827][  0]LogConfig: Setting CVar [[r.AmbientOcclusionLevels:-1]]
[2022.12.17-06.59.43:827][  0]LogConfig: Setting CVar [[r.AmbientOcclusionRadiusScale:1.0]]
[2022.12.17-06.59.43:827][  0]LogConfig: Setting CVar [[r.DepthOfFieldQuality:2]]
[2022.12.17-06.59.43:827][  0]LogConfig: Setting CVar [[r.RenderTargetPoolMin:400]]
[2022.12.17-06.59.43:827][  0]LogConfig: Setting CVar [[r.LensFlareQuality:2]]
[2022.12.17-06.59.43:827][  0]LogConfig: Setting CVar [[r.SceneColorFringeQuality:1]]
[2022.12.17-06.59.43:827][  0]LogConfig: Setting CVar [[r.EyeAdaptationQuality:2]]
[2022.12.17-06.59.43:827][  0]LogConfig: Setting CVar [[r.BloomQuality:5]]
[2022.12.17-06.59.43:827][  0]LogConfig: Setting CVar [[r.FastBlurThreshold:100]]
[2022.12.17-06.59.43:827][  0]LogConfig: Setting CVar [[r.Upscale.Quality:3]]
[2022.12.17-06.59.43:827][  0]LogConfig: Setting CVar [[r.Tonemapper.GrainQuantization:1]]
[2022.12.17-06.59.43:827][  0]LogConfig: Setting CVar [[r.LightShaftQuality:1]]
[2022.12.17-06.59.43:827][  0]LogConfig: Setting CVar [[r.Filter.SizeScale:1]]
[2022.12.17-06.59.43:827][  0]LogConfig: Setting CVar [[r.Tonemapper.Quality:5]]
[2022.12.17-06.59.43:827][  0]LogConfig: Setting CVar [[r.DOF.Gather.AccumulatorQuality:1        ; higher gathering accumulator quality]]
[2022.12.17-06.59.43:827][  0]LogConfig: Setting CVar [[r.DOF.Gather.PostfilterMethod:1          ; Median3x3 postfilering method]]
[2022.12.17-06.59.43:827][  0]LogConfig: Setting CVar [[r.DOF.Gather.EnableBokehSettings:0       ; no bokeh simulation when gathering]]
[2022.12.17-06.59.43:827][  0]LogConfig: Setting CVar [[r.DOF.Gather.RingCount:4                 ; medium number of samples when gathering]]
[2022.12.17-06.59.43:827][  0]LogConfig: Setting CVar [[r.DOF.Scatter.ForegroundCompositing:1    ; additive foreground scattering]]
[2022.12.17-06.59.43:827][  0]LogConfig: Setting CVar [[r.DOF.Scatter.BackgroundCompositing:2    ; additive background scattering]]
[2022.12.17-06.59.43:827][  0]LogConfig: Setting CVar [[r.DOF.Scatter.EnableBokehSettings:1      ; bokeh simulation when scattering]]
[2022.12.17-06.59.43:827][  0]LogConfig: Setting CVar [[r.DOF.Scatter.MaxSpriteRatio:0.1         ; only a maximum of 10% of scattered bokeh]]
[2022.12.17-06.59.43:827][  0]LogConfig: Setting CVar [[r.DOF.Recombine.Quality:1                ; cheap slight out of focus]]
[2022.12.17-06.59.43:827][  0]LogConfig: Setting CVar [[r.DOF.Recombine.EnableBokehSettings:0    ; no bokeh simulation on slight out of focus]]
[2022.12.17-06.59.43:827][  0]LogConfig: Setting CVar [[r.DOF.TemporalAAQuality:1                ; more stable temporal accumulation]]
[2022.12.17-06.59.43:828][  0]LogConfig: Setting CVar [[r.DOF.Kernel.MaxForegroundRadius:0.025]]
[2022.12.17-06.59.43:828][  0]LogConfig: Setting CVar [[r.DOF.Kernel.MaxBackgroundRadius:0.025]]
[2022.12.17-06.59.43:828][  0]LogConfig: Applying CVar settings from Section [TextureQuality@3] File [C:/Users/Vince/Documents/Unreal Projects/CrossyBootleg/Saved/Config/Windows/Scalability.ini]
[2022.12.17-06.59.43:828][  0]LogConfig: Setting CVar [[r.Streaming.MipBias:0]]
[2022.12.17-06.59.43:828][  0]LogConfig: Setting CVar [[r.Streaming.AmortizeCPUToGPUCopy:0]]
[2022.12.17-06.59.43:828][  0]LogConfig: Setting CVar [[r.Streaming.MaxNumTexturesToStreamPerFrame:0]]
[2022.12.17-06.59.43:828][  0]LogConfig: Setting CVar [[r.Streaming.Boost:1]]
[2022.12.17-06.59.43:828][  0]LogConfig: Setting CVar [[r.MaxAnisotropy:8]]
[2022.12.17-06.59.43:828][  0]LogConfig: Setting CVar [[r.VT.MaxAnisotropy:8]]
[2022.12.17-06.59.43:828][  0]LogConfig: Setting CVar [[r.Streaming.LimitPoolSizeToVRAM:0]]
[2022.12.17-06.59.43:828][  0]LogConfig: Setting CVar [[r.Streaming.PoolSize:1000]]
[2022.12.17-06.59.43:828][  0]LogConfig: Setting CVar [[r.Streaming.MaxEffectiveScreenSize:0]]
[2022.12.17-06.59.43:828][  0]LogConfig: Applying CVar settings from Section [EffectsQuality@3] File [C:/Users/Vince/Documents/Unreal Projects/CrossyBootleg/Saved/Config/Windows/Scalability.ini]
[2022.12.17-06.59.43:828][  0]LogConfig: Setting CVar [[r.TranslucencyLightingVolumeDim:64]]
[2022.12.17-06.59.43:828][  0]LogConfig: Setting CVar [[r.RefractionQuality:2]]
[2022.12.17-06.59.43:828][  0]LogConfig: Setting CVar [[r.SSR.Quality:3]]
[2022.12.17-06.59.43:828][  0]LogConfig: Setting CVar [[r.SSR.HalfResSceneColor:0]]
[2022.12.17-06.59.43:828][  0]LogConfig: Setting CVar [[r.SceneColorFormat:4]]
[2022.12.17-06.59.43:828][  0]LogConfig: Setting CVar [[r.DetailMode:2]]
[2022.12.17-06.59.43:828][  0]LogConfig: Setting CVar [[r.TranslucencyVolumeBlur:1]]
[2022.12.17-06.59.43:828][  0]LogConfig: Setting CVar [[r.MaterialQualityLevel:1 ; High quality]]
[2022.12.17-06.59.43:828][  0]LogConfig: Setting CVar [[r.AnisotropicMaterials:1]]
[2022.12.17-06.59.43:828][  0]LogConfig: Setting CVar [[r.SSS.Scale:1]]
[2022.12.17-06.59.43:828][  0]LogConfig: Setting CVar [[r.SSS.SampleSet:2]]
[2022.12.17-06.59.43:828][  0]LogConfig: Setting CVar [[r.SSS.Quality:1]]
[2022.12.17-06.59.43:828][  0]LogConfig: Setting CVar [[r.SSS.HalfRes:0]]
[2022.12.17-06.59.43:828][  0]LogConfig: Setting CVar [[r.SSGI.Quality:3]]
[2022.12.17-06.59.43:828][  0]LogConfig: Setting CVar [[r.EmitterSpawnRateScale:1.0]]
[2022.12.17-06.59.43:828][  0]LogConfig: Setting CVar [[r.ParticleLightQuality:2]]
[2022.12.17-06.59.43:828][  0]LogConfig: Setting CVar [[r.SkyAtmosphere.AerialPerspectiveLUT.FastApplyOnOpaque:1 ; Always have FastSkyLUT 1 in this case to avoid wrong sky]]
[2022.12.17-06.59.43:828][  0]LogConfig: Setting CVar [[r.SkyAtmosphere.AerialPerspectiveLUT.SampleCountMaxPerSlice:4]]
[2022.12.17-06.59.43:828][  0]LogConfig: Setting CVar [[r.SkyAtmosphere.AerialPerspectiveLUT.DepthResolution:16.0]]
[2022.12.17-06.59.43:828][  0]LogConfig: Setting CVar [[r.SkyAtmosphere.FastSkyLUT:1]]
[2022.12.17-06.59.43:828][  0]LogConfig: Setting CVar [[r.SkyAtmosphere.FastSkyLUT.SampleCountMin:4.0]]
[2022.12.17-06.59.43:828][  0]LogConfig: Setting CVar [[r.SkyAtmosphere.FastSkyLUT.SampleCountMax:128.0]]
[2022.12.17-06.59.43:828][  0]LogConfig: Setting CVar [[r.SkyAtmosphere.SampleCountMin:4.0]]
[2022.12.17-06.59.43:828][  0]LogConfig: Setting CVar [[r.SkyAtmosphere.SampleCountMax:128.0]]
[2022.12.17-06.59.43:828][  0]LogConfig: Setting CVar [[r.SkyAtmosphere.TransmittanceLUT.UseSmallFormat:0]]
[2022.12.17-06.59.43:828][  0]LogConfig: Setting CVar [[r.SkyAtmosphere.TransmittanceLUT.SampleCount:10.0]]
[2022.12.17-06.59.43:828][  0]LogConfig: Setting CVar [[r.SkyAtmosphere.MultiScatteringLUT.SampleCount:15.0]]
[2022.12.17-06.59.43:828][  0]LogConfig: Setting CVar [[r.SkyLight.RealTimeReflectionCapture:1]]
[2022.12.17-06.59.43:828][  0]LogConfig: Applying CVar settings from Section [FoliageQuality@3] File [C:/Users/Vince/Documents/Unreal Projects/CrossyBootleg/Saved/Config/Windows/Scalability.ini]
[2022.12.17-06.59.43:828][  0]LogConfig: Setting CVar [[foliage.DensityScale:1.0]]
[2022.12.17-06.59.43:828][  0]LogConfig: Setting CVar [[grass.DensityScale:1.0]]
[2022.12.17-06.59.43:828][  0]LogConfig: Applying CVar settings from Section [ShadingQuality@3] File [C:/Users/Vince/Documents/Unreal Projects/CrossyBootleg/Saved/Config/Windows/Scalability.ini]
[2022.12.17-06.59.43:828][  0]LogConfig: Setting CVar [[r.HairStrands.SkyLighting.IntegrationType:2]]
[2022.12.17-06.59.43:828][  0]LogConfig: Setting CVar [[r.HairStrands.SkyAO.SampleCount:4]]
[2022.12.17-06.59.43:828][  0]LogConfig: Setting CVar [[r.HairStrands.Visibility.MSAA.SamplePerPixel:4]]
[2022.12.17-06.59.43:828][  0]LogConfig: Applying CVar settings from Section [Startup] File [../../../Engine/Config/ConsoleVariables.ini]
[2022.12.17-06.59.43:829][  0]LogConfig: Setting CVar [[net.UseAdaptiveNetUpdateFrequency:0]]
[2022.12.17-06.59.43:829][  0]LogConfig: Setting CVar [[p.chaos.AllowCreatePhysxBodies:1]]
[2022.12.17-06.59.43:829][  0]LogConfig: Setting CVar [[fx.SkipVectorVMBackendOptimizations:1]]
[2022.12.17-06.59.43:829][  0]LogConfig: Applying CVar settings from Section [ConsoleVariables] File [C:/Users/Vince/Documents/Unreal Projects/CrossyBootleg/Saved/Config/Windows/Engine.ini]
[2022.12.17-06.59.43:829][  0]LogConfig: Applying CVar settings from Section [ConsoleVariables] File [C:/Users/Vince/Documents/Unreal Projects/CrossyBootleg/Saved/Config/Windows/Editor.ini]
[2022.12.17-06.59.43:829][  0]LogInit: Computer: MSI
[2022.12.17-06.59.43:829][  0]LogInit: User: Vince
[2022.12.17-06.59.43:829][  0]LogInit: CPU Page size=4096, Cores=6
[2022.12.17-06.59.43:829][  0]LogInit: High frequency timer resolution =10.000000 MHz
[2022.12.17-06.59.43:829][  0]LogMemory: Memory total: Physical=15.8GB (16GB approx)
[2022.12.17-06.59.43:829][  0]LogMemory: Platform Memory Stats for Windows
[2022.12.17-06.59.43:829][  0]LogMemory: Process Physical Memory: 146.83 MB used, 146.84 MB peak
[2022.12.17-06.59.43:829][  0]LogMemory: Process Virtual Memory: 131.82 MB used, 131.82 MB peak
[2022.12.17-06.59.43:829][  0]LogMemory: Physical Memory: 10144.00 MB used,  6061.80 MB free, 16205.80 MB total
[2022.12.17-06.59.43:829][  0]LogMemory: Virtual Memory: 134214736.00 MB used,  2990.29 MB free, 134217728.00 MB total
[2022.12.17-06.59.43:853][  0]LogWindows: WindowsPlatformFeatures enabled
[2022.12.17-06.59.43:888][  0]LogInit: Physics initialised using underlying interface: PhysX
[2022.12.17-06.59.43:888][  0]LogInit: Using OS detected language (en-US).
[2022.12.17-06.59.43:888][  0]LogInit: Using OS detected locale (en-US).
[2022.12.17-06.59.43:893][  0]LogTextLocalizationManager: No specific localization for 'en-US' exists, so the 'en' localization will be used.
[2022.12.17-06.59.44:100][  0]LogWindowsTextInputMethodSystem: Display: IME system deactivated.
[2022.12.17-06.59.44:117][  0]LogSlate: New Slate User Created.  User Index 0, Is Virtual User: 0
[2022.12.17-06.59.44:117][  0]LogSlate: Slate User Registered.  User Index 0, Is Virtual User: 0
[2022.12.17-06.59.44:132][  0]LogD3D11RHI: Loaded GFSDK_Aftermath_Lib.x64.dll
[2022.12.17-06.59.44:155][  0]LogHMD: Failed to initialize OpenVR with code 110
[2022.12.17-06.59.44:155][  0]LogD3D11RHI: D3D11 min allowed feature level: 11_0
[2022.12.17-06.59.44:155][  0]LogD3D11RHI: D3D11 max allowed feature level: 11_0
[2022.12.17-06.59.44:155][  0]LogD3D11RHI: D3D11 adapters:
[2022.12.17-06.59.44:237][  0]LogD3D11RHI:    0. 'NVIDIA GeForce RTX 3060 Laptop GPU' (Feature Level 11_0)
[2022.12.17-06.59.44:237][  0]LogD3D11RHI:       6023/0/8102 MB DedicatedVideo/DedicatedSystem/SharedSystem, Outputs:1, VendorId:0x10de
[2022.12.17-06.59.44:258][  0]LogD3D11RHI:    1. 'Intel(R) UHD Graphics' (Feature Level 11_0)
[2022.12.17-06.59.44:259][  0]LogD3D11RHI:       128/0/8102 MB DedicatedVideo/DedicatedSystem/SharedSystem, Outputs:0, VendorId:0x8086
[2022.12.17-06.59.44:260][  0]LogD3D11RHI:    2. 'Microsoft Basic Render Driver' (Feature Level 11_0)
[2022.12.17-06.59.44:260][  0]LogD3D11RHI:       0/0/8102 MB DedicatedVideo/DedicatedSystem/SharedSystem, Outputs:0, VendorId:0x1414
[2022.12.17-06.59.44:260][  0]LogD3D11RHI: Chosen D3D11 Adapter:
[2022.12.17-06.59.44:260][  0]LogD3D11RHI:     Description : NVIDIA GeForce RTX 3060 Laptop GPU
[2022.12.17-06.59.44:260][  0]LogD3D11RHI:     VendorId    : 10de
[2022.12.17-06.59.44:260][  0]LogD3D11RHI:     DeviceId    : 2520
[2022.12.17-06.59.44:260][  0]LogD3D11RHI:     SubSysId    : 12f21462
[2022.12.17-06.59.44:260][  0]LogD3D11RHI:     Revision    : 00a1
[2022.12.17-06.59.44:260][  0]LogD3D11RHI:     DedicatedVideoMemory : 6315573248 bytes
[2022.12.17-06.59.44:260][  0]LogD3D11RHI:     DedicatedSystemMemory : 0 bytes
[2022.12.17-06.59.44:261][  0]LogD3D11RHI:     SharedSystemMemory : 8496504832 bytes
[2022.12.17-06.59.44:261][  0]LogD3D11RHI:     AdapterLuid : 0 64879
[2022.12.17-06.59.44:266][  0]LogD3D11RHI: Creating new Direct3DDevice
[2022.12.17-06.59.44:266][  0]LogD3D11RHI:     GPU DeviceId: 0x2520 (for the marketing name, search the web for "GPU Device Id")
[2022.12.17-06.59.44:266][  0]LogWindows: EnumDisplayDevices:
[2022.12.17-06.59.44:266][  0]LogWindows:    0. 'Intel(R) UHD Graphics' (P:1 D:1)
[2022.12.17-06.59.44:266][  0]LogWindows:    1. 'Intel(R) UHD Graphics' (P:0 D:0)
[2022.12.17-06.59.44:266][  0]LogWindows:    2. 'Intel(R) UHD Graphics' (P:0 D:0)
[2022.12.17-06.59.44:266][  0]LogWindows:    3. 'NVIDIA GeForce RTX 3060 Laptop GPU' (P:0 D:0)
[2022.12.17-06.59.44:267][  0]LogWindows: DebugString: PrimaryIsNotTheChoosenAdapter PrimaryIsNotTheChoosenAdapter PrimaryIsNotTheChoosenAdapter 
[2022.12.17-06.59.44:267][  0]LogD3D11RHI:     Adapter Name: NVIDIA GeForce RTX 3060 Laptop GPU
[2022.12.17-06.59.44:267][  0]LogD3D11RHI:   Driver Version: 497.17 (internal:30.0.14.9717, unified:497.17)
[2022.12.17-06.59.44:267][  0]LogD3D11RHI:      Driver Date: 12-3-2021
[2022.12.17-06.59.44:267][  0]LogRHI: Texture pool is 4216 MB (70% of 6023 MB)
[2022.12.17-06.59.44:267][  0]LogD3D11RHI: Creating D3DDevice using adapter:
[2022.12.17-06.59.44:267][  0]LogD3D11RHI:     Description : NVIDIA GeForce RTX 3060 Laptop GPU
[2022.12.17-06.59.44:267][  0]LogD3D11RHI:     VendorId    : 10de
[2022.12.17-06.59.44:267][  0]LogD3D11RHI:     DeviceId    : 2520
[2022.12.17-06.59.44:267][  0]LogD3D11RHI:     SubSysId    : 12f21462
[2022.12.17-06.59.44:267][  0]LogD3D11RHI:     Revision    : 00a1
[2022.12.17-06.59.44:267][  0]LogD3D11RHI:     DedicatedVideoMemory : 6315573248 bytes
[2022.12.17-06.59.44:267][  0]LogD3D11RHI:     DedicatedSystemMemory : 0 bytes
[2022.12.17-06.59.44:267][  0]LogD3D11RHI:     SharedSystemMemory : 8496504832 bytes
[2022.12.17-06.59.44:267][  0]LogD3D11RHI:     AdapterLuid : 0 64879
[2022.12.17-06.59.44:320][  0]LogD3D11RHI: RHI has support for 64 bit atomics
[2022.12.17-06.59.44:320][  0]LogD3D11RHI: Async texture creation enabled
[2022.12.17-06.59.44:320][  0]LogD3D11RHI: Array index from any shader is supported
[2022.12.17-06.59.44:334][  0]LogD3D11RHI: GPU Timing Frequency: 1000.000000 (Debug: 2 1)
[2022.12.17-06.59.44:368][  0]LogRHI: GeForceNow SDK initialized: 1
[2022.12.17-06.59.44:599][  0]LogTargetPlatformManager: Display: Loaded TargetPlatform 'WindowsNoEditor'
[2022.12.17-06.59.44:602][  0]LogTargetPlatformManager: Display: Loaded TargetPlatform 'Windows'
[2022.12.17-06.59.44:606][  0]LogTargetPlatformManager: Display: Loaded TargetPlatform 'WindowsClient'
[2022.12.17-06.59.44:609][  0]LogTargetPlatformManager: Display: Loaded TargetPlatform 'WindowsServer'
[2022.12.17-06.59.44:609][  0]LogTargetPlatformManager: Display: Building Assets For Windows
[2022.12.17-06.59.44:615][  0]LogAudioDebug: Display: Lib vorbis DLL was dynamically loaded.
[2022.12.17-06.59.44:637][  0]LogTextureFormatOodle: Display: Oodle Texture 2.9.0 init RDO Off
[2022.12.17-06.59.44:660][  0]LogRendererCore: Ray tracing is disabled. Reason: r.RayTracing=0.
[2022.12.17-06.59.44:660][  0]LogShaderCompilers: Guid format shader working directory is -23 characters bigger than the processId version (../../../../../../Users/Vince/Documents/Unreal Projects/CrossyBootleg/Intermediate/Shaders/WorkingDirectory/9292/).
[2022.12.17-06.59.44:660][  0]LogShaderCompilers: Cleaned the shader compiler working directory 'C:/Users/Vince/AppData/Local/Temp/UnrealShaderWorkingDir/4031892B46F3C9FE6E0EABBD3B02B44B/'.
[2022.12.17-06.59.44:660][  0]LogXGEController: Cannot use XGE Controller as Incredibuild is not installed on this machine.
[2022.12.17-06.59.44:660][  0]LogShaderCompilers: Cannot use XGE Shader Compiler as Incredibuild is not installed on this machine.
[2022.12.17-06.59.44:660][  0]LogShaderCompilers: Display: Using Local Shader Compiler.
[2022.12.17-06.59.45:329][  0]LogDerivedDataCache: Display: Max Cache Size: 512 MB
[2022.12.17-06.59.45:381][  0]LogDerivedDataCache: Loaded boot cache 0.05s 94MB C:/Users/Vince/AppData/Local/UnrealEngine/4.27/DerivedDataCache/Boot.ddc.
[2022.12.17-06.59.45:381][  0]LogDerivedDataCache: Display: Loaded Boot cache: C:/Users/Vince/AppData/Local/UnrealEngine/4.27/DerivedDataCache/Boot.ddc
[2022.12.17-06.59.45:381][  0]LogDerivedDataCache: FDerivedDataBackendGraph:  Pak pak cache file ../../../../../../Users/Vince/Documents/Unreal Projects/CrossyBootleg/DerivedDataCache/DDC.ddp not found, will not use a pak cache.
[2022.12.17-06.59.45:381][  0]LogDerivedDataCache: Unable to find inner node Pak for hierarchical cache Hierarchy.
[2022.12.17-06.59.45:381][  0]LogDerivedDataCache: FDerivedDataBackendGraph:  CompressedPak pak cache file ../../../../../../Users/Vince/Documents/Unreal Projects/CrossyBootleg/DerivedDataCache/Compressed.ddp not found, will not use a pak cache.
[2022.12.17-06.59.45:381][  0]LogDerivedDataCache: Unable to find inner node CompressedPak for hierarchical cache Hierarchy.
[2022.12.17-06.59.45:395][  0]LogDerivedDataCache: Display: Pak cache opened for reading ../../../Engine/DerivedDataCache/Compressed.ddp.
[2022.12.17-06.59.45:395][  0]LogDerivedDataCache: FDerivedDataBackendGraph:  EnterprisePak pak cache file ../../../Enterprise/DerivedDataCache/Compressed.ddp not found, will not use a pak cache.
[2022.12.17-06.59.45:395][  0]LogDerivedDataCache: Unable to find inner node EnterprisePak for hierarchical cache Hierarchy.
[2022.12.17-06.59.45:406][  0]LogDerivedDataCache: Speed tests for C:/Users/Vince/AppData/Local/UnrealEngine/Common/DerivedDataCache took 0.01 seconds
[2022.12.17-06.59.45:406][  0]LogDerivedDataCache: Display: Performance to C:/Users/Vince/AppData/Local/UnrealEngine/Common/DerivedDataCache: Latency=0.03ms. RandomReadSpeed=276.25MBs, RandomWriteSpeed=147.12MBs. Assigned SpeedClass 'Local'
[2022.12.17-06.59.45:406][  0]LogDerivedDataCache: Using Local data cache path C:/Users/Vince/AppData/Local/UnrealEngine/Common/DerivedDataCache: Writable
[2022.12.17-06.59.45:406][  0]LogDerivedDataCache: Shared data cache path not found in *engine.ini, will not use an Shared cache.
[2022.12.17-06.59.45:406][  0]LogDerivedDataCache: Unable to find inner node Shared for hierarchical cache Hierarchy.
[2022.12.17-06.59.45:438][  0]LogSlate: Using FreeType 2.10.0
[2022.12.17-06.59.45:439][  0]LogSlate: SlateFontServices - WITH_FREETYPE: 1, WITH_HARFBUZZ: 1
[2022.12.17-06.59.45:527][  0]LogInit: Using OS detected language (en-US).
[2022.12.17-06.59.45:527][  0]LogInit: Using OS detected locale (en-US).
[2022.12.17-06.59.45:527][  0]LogTextLocalizationManager: No localization for 'en-US' exists, so 'en' will be used for the language.
[2022.12.17-06.59.45:528][  0]LogTextLocalizationManager: No localization for 'en-US' exists, so 'en' will be used for the locale.
[2022.12.17-06.59.45:528][  0]LogSlate: FontCache flush requested. Reason: Culture for localization was changed
[2022.12.17-06.59.45:528][  0]LogSlate: FontCache flush requested. Reason: Culture for localization was changed
[2022.12.17-06.59.45:531][  0]LogTextLocalizationManager: Compacting localization data took   0.00ms
[2022.12.17-06.59.45:531][  0]LogAssetRegistry: FAssetRegistry took 0.0020 seconds to start up
[2022.12.17-06.59.45:677][  0]LogPackageLocalizationCache: Processed 27 localized package path(s) for 1 prioritized culture(s) in 0.001017 seconds
[2022.12.17-06.59.45:737][  0]LogInit: Selected Device Profile: [Windows]
[2022.12.17-06.59.45:737][  0]LogInit: Active device profile: [00000246AB844F00][00000246A214ED80 49] Windows
[2022.12.17-06.59.45:737][  0]LogInit: Profiles: [00000246AB844F00][00000246A214ED80 49] Windows, [00000246AB81A300][00000246A2156F00 49] WindowsNoEditor, [00000246AB845F00][00000246A215B080 49] WindowsServer, [00000246AB819500][00000246A1CA3200 49] WindowsClient, [00000246AB845000][00000246A1CA7380 49] IOS, [00000246AB81BC00][00000246A1CAB500 49] iPadAir, [00000246AB847300][00000246A1CAF680 49] iPadAir2, [00000246AB7C1300][00000246A1CB38C0 49] IPadPro, [00000246AB7C1400][00000246A2153900 49] iPadAir3, [00000246AB818B00][00000246A1CB7A40 49] iPadAir4, [00000246AB7C2100][00000246A1CBFBC0 49] iPadMini2, [00000246AB81B300][00000246A1CC21C0 49] iPadMini3, [00000246AB7C2C00][00000246A1CC6340 49] iPadMini4, [00000246AB81A600][00000246A1CCA4C0 49] iPadMini5, [00000246AB808E00][00000246A1CD2780 49] iPhone6, [00000246AB808F00][00000246A1CCE7C0 49] iPodTouch6, [00000246AB846800][00000246A1CDAA80 49] iPhone7, [00000246AB846900][00000246A1CD6AC0 49] iPodTouch7, [00000246AB7C0C00][00000246A1CDEC40 49] iPhone5S, [00000246AB845300][00000246A1CE2DC0 49] iPhone6Plus, [00000246AB7C2A00][00000246A1CE6F40 49] iPhone6S, [00000246AB846D00][00000246A1CEB0C0 49] iPhone6SPlus, [00000246AB808100][00000246A1AA5240 49] iPhone7Plus, [00000246AB7C1D00][00000246A1AA93C0 49] iPhoneSE, [00000246AB808C00][00000246A1AAD540 49] iPhone8, [00000246AB7C0400][00000246A1AB16C0 49] iPhone8Plus, [00000246AB80AA00][00000246A1AB5840 49] iPhoneX, [00000246AB7C3C00][00000246A1CBB980 49] iPhoneXS, [00000246AB80A900][00000246A1AB9AC0 49] iPhoneXSMax, [00000246AB7C0B00][00000246A1ABDC00 49] iPhoneXR, [00000246AB847800][00000246A1AC01C0 49] iPhone11, [00000246AB7C3D00][00000246A1AC8340 49] iPhone11Pro, [00000246AB845C00][00000246A1ACC4C0 49] iPhone11ProMax, [00000246AB7C1100][00000246A1AD0640 49] iPhoneSE2, [00000246AB845200][00000246A1AD47C0 49] iPhone12Mini, [00000246AB7C3100][00000246A1AD8940 49] iPhone12, [00000246AB844900][00000246A1ADCAC0 49] iPhone12Pro, [00000246AB7C0D00][00000246A1AE0C40 49] iPhone12ProMax, [00000246AB847C00][00000246A1AE4DC0 49] iPadPro105, [00000246AB7C3700][00000246A1AE8F40 49] iPadPro129, [00000246AB847000][00000246A1AED0C0 49] iPadPro97, [00000246AB7C0F00][00000246A1AF1240 49] iPadPro2_129, [00000246AB844C00][00000246A1AF53C0 49] iPad5, [00000246AB7C3B00][00000246A1AF9540 49] iPad6, [00000246AB844400][00000246A1AFD6C0 49] iPad7, [00000246AB7C3E00][00000246AB47F840 49] iPad8, [00000246AB845400][00000246AB4839C0 49] iPadPro11, [00000246AB7C2400][00000246A1AC5B00 49] iPadPro2_11, [00000246AB844800][00000246AB4860C0 49] iPadPro3_129, [00000246AB7C2800][00000246AB48A200 49] iPadPro4_129, [00000246AB846F00][00000246AB48E340 49] AppleTV, [00000246AB7C1900][00000246AB4964C0 49] AppleTV4K, [00000246AB845700][00000246AB49A640 49] TVOS, [00000246AB7C1500][00000246AB49E7C0 49] Mac, [00000246AB845B00][00000246AB4A2940 49] MacClient, [00000246AB7C2500][00000246AB4A6AC0 49] MacNoEditor, [00000246AB844500][00000246AB4AAC40 49] MacServer, [00000246AB7C2000][00000246AB4AEDC0 49] Linux, [00000246AB847B00][00000246AB4B2F40 49] LinuxAArch64, [00000246AB7C0100][00000246AB4B70C0 49] LinuxNoEditor, [00000246AB847700][00000246AB4BB240 49] LinuxAArch64NoEditor, [00000246AB7C2900][00000246AB4BF3C0 49] LinuxClient, [00000246AB846600][00000246AB4C3540 49] LinuxAArch64Client, [00000246AB7C0A00][00000246AB4C76C0 49] LinuxServer, [00000246AB844200][00000246AB4CB840 49] LinuxAArch64Server, [00000246AB7C2300][00000246AB4CF9C0 49] Android, [00000246AB846100][00000246AB4D3B40 49] Android_Low, [00000246AB7C1E00][00000246AB4D6140 49] Android_Mid, [00000246AB847A00][00000246AB492280 49] Android_High, [00000246AB7C2D00][00000246AB4DA3C0 49] Android_Default, [00000246AB844600][00000246AB4DE500 49] Android_Adreno4xx, [00000246AB7C0300][00000246AB4E6680 49] Android_Adreno5xx_Low, [00000246AB846A00][00000246AB4EA800 49] Android_Adreno5xx, [00000246AB7C2B00][00000246AB4EE980 49] Android_Adreno6xx, [00000246AB844B00][00000246AB4F2B00 49] Android_Adreno6xx_Vulkan, [00000246AB7C1600][00000246AB4F6C80 49] Android_Mali_T6xx, [00000246AB844700][00000246AB4FAE00 49] Android_Mali_T7xx, [00000246AB819900][00000246AB4FEF80 49] Android_Mali_T8xx, [00000246AB808300][00000246AB503100 49] Android_Mali_G71, [00000246AB818600][00000246AB507280 49] Android_Mali_G72, [00000246AB809200][00000246AB50B400 49] Android_Mali_G72_Vulkan, [00000246AB81BA00][00000246AB50F580 49] Android_Mali_G76, [00000246AB808700][00000246AB513700 49] Android_Mali_G76_Vulkan, [00000246AB81B900][00000246AB517880 49] Android_Mali_G77, [00000246AB80BB00][00000246AB51BA00 49] Android_Mali_G77_Vulkan, [00000246AB819A00][00000246AB51FB80 49] Android_Mali_G78, [00000246AB80B100][00000246AB522180 49] Android_Mali_G78_Vulkan, [00000246AB81B800][00000246AB526300 49] Android_Mali_G710, [00000246AB809B00][00000246AB4E2440 49] Android_Mali_G710_Vulkan, [00000246AB81B500][00000246AB52A580 49] Android_Vulkan_SM5, [00000246AB80B800][00000246AB52E6C0 49] Android_PowerVR_G6xxx, [00000246AB819800][00000246AB536840 49] Android_PowerVR_GT7xxx, [00000246AB809D00][00000246AB53A9C0 49] Android_PowerVR_GE8xxx, [00000246AB81AC00][00000246AB53EB40 49] Android_PowerVR_GM9xxx, [00000246AB808800][00000246AB542CC0 49] Android_PowerVR_GM9xxx_Vulkan, [00000246AB819B00][00000246AB546E40 49] Android_TegraK1, [00000246AB809000][00000246AB54AFC0 49] Android_Unknown_Vulkan, [00000246AB81A200][00000246AB54F140 49] Lumin, [00000246AB80BE00][00000246AB5532C0 49] Lumin_Desktop, [00000246AB81AA00][00000246AB557440 49] HoloLens, 
[2022.12.17-06.59.45:773][  0]LogMeshReduction: Using QuadricMeshReduction for automatic static mesh reduction
[2022.12.17-06.59.45:773][  0]LogMeshReduction: Using SimplygonMeshReduction for automatic skeletal mesh reduction
[2022.12.17-06.59.45:773][  0]LogMeshReduction: Using ProxyLODMeshReduction for automatic mesh merging
[2022.12.17-06.59.45:773][  0]LogMeshReduction: No distributed automatic mesh merging module available
[2022.12.17-06.59.45:773][  0]LogMeshMerging: No distributed automatic mesh merging module available
[2022.12.17-06.59.45:882][  0]LogNetVersion: CrossyBootleg 1.0.0, NetCL: 17155196, EngineNetVer: 17, GameNetVer: 0 (Checksum: 2416334435)
[2022.12.17-06.59.46:126][  0]LogTexture: Default maximum texture size for cubemaps generated from long-lat sources has been changed from 512 to unlimited. In order to preserve old behaiour for '/Engine/MapTemplates/Sky/DaylightAmbientCubemap.DaylightAmbientCubemap', its maximum texture size has been explicitly set to 512.
[2022.12.17-06.59.46:181][  0]LogHMD: PokeAHoleMaterial loaded successfully
[2022.12.17-06.59.46:257][  0]LogMoviePlayer: Initializing movie player
[2022.12.17-06.59.46:342][  0]LogNiagaraDebuggerClient: Niagara Debugger Client Initialized | Session: 60356BE740CFFCFEF31581896A2EBD40 | Instance: 4F5D9F4744C22D7FB46E009A580EDFAA (MSI-9292).
[2022.12.17-06.59.46:357][  0]LogCollectionManager: Loaded 0 collections in 0.001208 seconds
[2022.12.17-06.59.46:359][  0]LogFileCache: Scanning file cache for directory 'C:/Users/Vince/Documents/Unreal Projects/CrossyBootleg/Saved/Collections/' took 0.00s
[2022.12.17-06.59.46:359][  0]LogFileCache: Scanning file cache for directory 'C:/Users/Vince/Documents/Unreal Projects/CrossyBootleg/Content/Developers/Vince/Collections/' took 0.00s
[2022.12.17-06.59.46:359][  0]LogCollectionManager: Fixed up redirectors for 0 collections in 0.000001 seconds (updated 0 objects)
[2022.12.17-06.59.46:436][  0]LogFileCache: Scanning file cache for directory 'C:/Users/Vince/Documents/Unreal Projects/CrossyBootleg/Content/Collections/' took 0.00s
[2022.12.17-06.59.46:436][  0]LogTcpMessaging: Initializing TcpMessaging bridge
[2022.12.17-06.59.46:439][  0]LogUdpMessaging: Initializing bridge on interface 0.0.0.0:0 to multicast group 230.0.0.1:6666.
[2022.12.17-06.59.46:453][  0]LogPython: Using Python 3.7.7
[2022.12.17-06.59.46:915][  0]SourceControl: Source control is disabled
[2022.12.17-06.59.46:915][  0]SourceControl: Source control is disabled
[2022.12.17-06.59.46:918][  0]SourceControl: Source control is disabled
[2022.12.17-06.59.46:922][  0]LogUProjectInfo: Found projects:
[2022.12.17-06.59.47:001][  0]LogOpenImageDenoise: OIDN starting up
[2022.12.17-06.59.47:008][  0]LogAndroidPermission: UAndroidPermissionCallbackProxy::GetInstance
[2022.12.17-06.59.47:022][  0]LogAudioCaptureCore: Display: No Audio Capture implementations found. Audio input will be silent.
[2022.12.17-06.59.47:022][  0]LogAudioCaptureCore: Display: No Audio Capture implementations found. Audio input will be silent.
[2022.12.17-06.59.47:110][  0]LogOcInput: OculusInput pre-init called
[2022.12.17-06.59.47:119][  0]LogUObjectArray: 22121 objects as part of root set at end of initial load.
[2022.12.17-06.59.47:119][  0]LogUObjectAllocator: 5975632 out of 0 bytes used by permanent object pool.
[2022.12.17-06.59.47:119][  0]LogUObjectArray: CloseDisregardForGC: 0/0 objects in disregard for GC pool
[2022.12.17-06.59.47:158][  0]LogEngine: Initializing Engine...
[2022.12.17-06.59.47:161][  0]LogHMD: Failed to enumerate extensions. Please check that you have a valid OpenXR runtime installed.
[2022.12.17-06.59.47:161][  0]LogHMD: Failed to initialize OpenVR with code 110
[2022.12.17-06.59.47:161][  0]LogMagicLeap: Warning: VR disabled because ZI is not enabled.  To enable, in the editor, Edit -> Project Settings -> Plugins -> Magic Leap Plugin -> Enable Zero Iteration
[2022.12.17-06.59.47:162][  0]LogStats: UGameplayTagsManager::InitializeManager -  0.000 s
[2022.12.17-06.59.47:258][  0]LogInit: Initializing FReadOnlyCVARCache
[2022.12.17-06.59.47:258][  0]LogAudio: Display: Initializing Audio Device Manager...
[2022.12.17-06.59.47:260][  0]LogAudio: Display: Loading Default Audio Settings Objects...
[2022.12.17-06.59.47:261][  0]LogAudio: Display: No default SoundConcurrencyObject specified (or failed to load).
[2022.12.17-06.59.47:261][  0]LogAudio: Display: Audio Device Manager Initialized
[2022.12.17-06.59.47:261][  0]LogAudio: Display: Creating Audio Device:                 Id: 1, Scope: Shared, Realtime: True
[2022.12.17-06.59.47:261][  0]LogAudioMixer: Display: Audio Mixer Platform Settings:
[2022.12.17-06.59.47:261][  0]LogAudioMixer: Display: 	Sample Rate:						  48000
[2022.12.17-06.59.47:261][  0]LogAudioMixer: Display: 	Callback Buffer Frame Size Requested: 1024
[2022.12.17-06.59.47:261][  0]LogAudioMixer: Display: 	Callback Buffer Frame Size To Use:	  1024
[2022.12.17-06.59.47:261][  0]LogAudioMixer: Display: 	Number of buffers to queue:			  2
[2022.12.17-06.59.47:261][  0]LogAudioMixer: Display: 	Max Channels (voices):				  32
[2022.12.17-06.59.47:261][  0]LogAudioMixer: Display: 	Number of Async Source Workers:		  0
[2022.12.17-06.59.47:261][  0]LogAudio: Display: AudioDevice MaxSources: 32
[2022.12.17-06.59.47:261][  0]LogAudio: Display: Audio Spatialization Plugin: None (built-in).
[2022.12.17-06.59.47:261][  0]LogAudio: Display: Audio Reverb Plugin: None (built-in).
[2022.12.17-06.59.47:262][  0]LogAudio: Display: Audio Occlusion Plugin: None (built-in).
[2022.12.17-06.59.47:262][  0]LogAudioMixer: Display: Initializing audio mixer.
[2022.12.17-06.59.47:300][  0]LogAudioMixer: Display: 0: FrontLeft
[2022.12.17-06.59.47:300][  0]LogAudioMixer: Display: 1: FrontRight
[2022.12.17-06.59.47:383][  0]LogAudioMixer: Display: Using Audio Device Realtek HD Audio 2nd output (Realtek(R) Audio)
[2022.12.17-06.59.47:388][  0]LogAudioMixer: Display: Initializing Sound Submixes...
[2022.12.17-06.59.47:390][  0]LogAudioMixer: Display: Creating Master Submix 'MasterSubmixDefault'
[2022.12.17-06.59.47:390][  0]LogAudioMixer: Display: Creating Master Submix 'MasterReverbSubmixDefault'
[2022.12.17-06.59.47:390][  0]LogAudioMixer: Display: Creating Master Submix 'MasterEQSubmixDefault'
[2022.12.17-06.59.47:390][  0]LogAudioMixer: FMixerPlatformXAudio2::StartAudioStream() called
[2022.12.17-06.59.47:390][  0]LogAudioMixer: Display: Output buffers initialized: Frames=1024, Channels=2, Samples=2048
[2022.12.17-06.59.47:391][  0]LogAudioMixer: Display: Starting AudioMixerPlatformInterface::RunInternal()
[2022.12.17-06.59.47:391][  0]LogAudioMixer: Display: FMixerPlatformXAudio2::SubmitBuffer() called for the first time
[2022.12.17-06.59.47:391][  0]LogInit: FAudioDevice initialized.
[2022.12.17-06.59.47:392][  0]LogNetVersion: Set ProjectVersion to 1.0.0.0. Version Checksum will be recalculated on next use.
[2022.12.17-06.59.47:393][  0]LogInit: Texture streaming: Enabled
[2022.12.17-06.59.47:445][  0]LogAudio: Display: Audio Device (ID: 1) registered with world 'Untitled'.
[2022.12.17-06.59.47:445][  0]LogSlate: Updating window title bar state: overlay mode, drag disabled, window buttons hidden, title bar hidden
[2022.12.17-06.59.47:445][  0]LogInit: Display: Game Engine Initialized.
[2022.12.17-06.59.47:446][  0]LogNiagaraEditor: GEditor isn't valid! Particle reset commands will not work for Niagara components!
[2022.12.17-06.59.47:543][  0]LogInit: Display: Starting Game.
[2022.12.17-06.59.47:543][  0]LogNet: Browse: /Game/ThirdPersonBP/Maps/ThirdPersonExampleMap?Name=Player
[2022.12.17-06.59.47:543][  0]LogLoad: LoadMap: /Game/ThirdPersonBP/Maps/ThirdPersonExampleMap?Name=Player
[2022.12.17-06.59.47:543][  0]LogWorld: BeginTearingDown for /Temp/Untitled_0
[2022.12.17-06.59.47:544][  0]LogWorld: UWorld::CleanupWorld for Untitled, bSessionEnded=true, bCleanupResources=true
[2022.12.17-06.59.47:544][  0]LogSlate: InvalidateAllWidgets triggered.  All widgets were invalidated
[2022.12.17-06.59.47:547][  0]LogAudio: Display: Audio Device unregistered from world 'None'.
[2022.12.17-06.59.47:549][  0]LogUObjectHash: Compacting FUObjectHashTables data took   0.77ms
[2022.12.17-06.59.47:766][  0]LogAudio: Display: Audio Device (ID: 1) registered with world 'ThirdPersonExampleMap'.
[2022.12.17-06.59.47:772][  0]LogAIModule: Creating AISystem for world ThirdPersonExampleMap
[2022.12.17-06.59.47:774][  0]LogLoad: Game class is 'ThirdPersonGameMode_C'
[2022.12.17-06.59.47:778][  0]LogWorld: Bringing World /Game/ThirdPersonBP/Maps/ThirdPersonExampleMap.ThirdPersonExampleMap up for play (max tick rate 0) at 2022.12.16-22.59.47
[2022.12.17-06.59.47:778][  0]LogWorld: Bringing up level for play took: 0.003607
[2022.12.17-06.59.47:802][  0]LogLoad: Took 0.259285 seconds to LoadMap(/Game/ThirdPersonBP/Maps/ThirdPersonExampleMap)
[2022.12.17-06.59.47:838][  0]LogSlate: Took 0.000291 seconds to synchronously load lazily loaded font '../../../Engine/Content/Slate/Fonts/Roboto-Regular.ttf' (155K)
[2022.12.17-06.59.47:859][  0]LogRenderer: Reallocating scene render targets to support 1280x720 Format 10 NumSamples 1 (Frame:1).
[2022.12.17-06.59.47:859][  0]LogInit: Display: Engine is initialized. Leaving FEngineLoop::Init()
[2022.12.17-06.59.47:859][  0]LogLoad: (Engine Initialization) Total time: 5.29 seconds
[2022.12.17-06.59.47:859][  0]LogLoad: (Engine Initialization) Total Blueprint compile time: 0.00 seconds
[2022.12.17-06.59.47:891][  0]LogContentStreaming: Texture pool size now 1000 MB
[2022.12.17-06.59.47:894][  0]LogSlate: InvalidateAllWidgets triggered.  All widgets were invalidated
[2022.12.17-06.59.47:980][  0]LogRenderer: Reallocating scene render targets to support 128x128 Format 10 NumSamples 1 (Frame:1).
[2022.12.17-06.59.48:019][  0]LogRenderer: Reallocating scene render targets to support 1280x720 Format 10 NumSamples 1 (Frame:2).
[2022.12.17-06.59.48:042][  1]LogSlate: Took 0.000108 seconds to synchronously load lazily loaded font '../../../Engine/Content/Slate/Fonts/Roboto-Regular.ttf' (155K)
[2022.12.17-06.59.58:791][369]LogSlate: Window 'CrossyBootleg (64-bit Development PCD3D_SM5) ' being destroyed
[2022.12.17-06.59.58:792][369]LogWindowsTextInputMethodSystem: Display: IME system deactivated.
[2022.12.17-06.59.58:796][369]LogSlate: Updating window title bar state: overlay mode, drag disabled, window buttons hidden, title bar hidden
[2022.12.17-06.59.58:796][369]LogEngine: All Windows Closed
[2022.12.17-06.59.58:796][369]LogWindows: FPlatformMisc::RequestExit(0)
[2022.12.17-06.59.58:796][369]LogWindows: FPlatformMisc::RequestExitWithStatus(0, 0)
[2022.12.17-06.59.58:796][369]LogCore: Engine exit requested (reason: Win RequestExit)
[2022.12.17-06.59.58:797][370]LogCore: Engine exit requested (reason: EngineExit() was called; note: exit was already requested)
[2022.12.17-06.59.58:797][370]LogInit: Display: PreExit Game.
[2022.12.17-06.59.58:807][370]LogWorld: BeginTearingDown for /Game/ThirdPersonBP/Maps/ThirdPersonExampleMap
[2022.12.17-06.59.58:808][370]LogWorld: UWorld::CleanupWorld for ThirdPersonExampleMap, bSessionEnded=true, bCleanupResources=true
[2022.12.17-06.59.58:809][370]LogSlate: InvalidateAllWidgets triggered.  All widgets were invalidated
[2022.12.17-06.59.59:167][370]LogAudio: Display: Beginning Audio Device Manager Shutdown (Module: AudioMixerXAudio2)...
[2022.12.17-06.59.59:167][370]LogAudio: Display: Destroying 1 Remaining Audio Device(s)...
[2022.12.17-06.59.59:167][370]LogAudio: Display: Audio Device unregistered from world 'ThirdPersonExampleMap'.
[2022.12.17-06.59.59:208][370]LogAudioMixer: FMixerPlatformXAudio2::StopAudioStream() called
[2022.12.17-06.59.59:209][370]LogAudioMixer: FMixerPlatformXAudio2::StopAudioStream() called
[2022.12.17-06.59.59:213][370]LogAudio: Display: Audio Device Manager Shutdown
[2022.12.17-06.59.59:215][370]LogExit: Preparing to exit.
[2022.12.17-06.59.59:222][370]LogSlate: Updating window title bar state: overlay mode, drag disabled, window buttons hidden, title bar hidden
[2022.12.17-06.59.59:225][370]LogUObjectHash: Compacting FUObjectHashTables data took   0.82ms
[2022.12.17-06.59.59:446][370]LogMoviePlayer: Shutting down movie player
[2022.12.17-06.59.59:624][370]LogDemo: Cleaned up 0 splitscreen connections with owner deletion
[2022.12.17-06.59.59:625][370]LogExit: Game engine shut down
[2022.12.17-06.59.59:663][370]LogExit: Object subsystem successfully closed.
[2022.12.17-06.59.59:674][370]LogShaderCompilers: Display: === FShaderJobCache stats ===
[2022.12.17-06.59.59:674][370]LogShaderCompilers: Display: Total job queries 0, among them cache hits 0 (0.00%)
[2022.12.17-06.59.59:674][370]LogShaderCompilers: Display: Tracking 0 distinct input hashes that result in 0 distinct outputs (0.00%)
[2022.12.17-06.59.59:674][370]LogShaderCompilers: Display: RAM used: 0.00 MB (0.00 GB) of 819.20 MB (0.80 GB) budget. Usage: 0.00%
[2022.12.17-06.59.59:674][370]LogShaderCompilers: Display: ================================================
[2022.12.17-06.59.59:682][370]LogShaderCompilers: Display: Shaders left to compile 0
[2022.12.17-06.59.59:700][370]LogModuleManager: Shutting down and abandoning module SequenceRecorderSections (560)
[2022.12.17-06.59.59:701][370]LogModuleManager: Shutting down and abandoning module SequenceRecorder (558)
[2022.12.17-06.59.59:701][370]LogModuleManager: Shutting down and abandoning module AutomationController (556)
[2022.12.17-06.59.59:701][370]LogModuleManager: Shutting down and abandoning module AutomationWorker (554)
[2022.12.17-06.59.59:701][370]LogModuleManager: Shutting down and abandoning module Voice (552)
[2022.12.17-06.59.59:701][370]LogModuleManager: Shutting down and abandoning module AIModule (550)
[2022.12.17-06.59.59:701][370]LogModuleManager: Shutting down and abandoning module GameplayDebugger (549)
[2022.12.17-06.59.59:701][370]LogModuleManager: Shutting down and abandoning module AITestSuite (547)
[2022.12.17-06.59.59:701][370]LogModuleManager: Shutting down and abandoning module NavigationSystem (545)
[2022.12.17-06.59.59:701][370]LogModuleManager: Shutting down and abandoning module AnimGraph (542)
[2022.12.17-06.59.59:701][370]LogModuleManager: Shutting down and abandoning module SteamVREditor (540)
[2022.12.17-06.59.59:701][370]LogModuleManager: Shutting down and abandoning module ToolMenus (539)
[2022.12.17-06.59.59:701][370]LogModuleManager: Shutting down and abandoning module OculusMR (536)
[2022.12.17-06.59.59:701][370]LogModuleManager: Shutting down and abandoning module TakeRecorderSources (534)
[2022.12.17-06.59.59:701][370]LogModuleManager: Shutting down and abandoning module TakeRecorder (533)
[2022.12.17-06.59.59:701][370]LogModuleManager: Shutting down and abandoning module TakeTrackRecorders (530)
[2022.12.17-06.59.59:701][370]LogModuleManager: Shutting down and abandoning module TakesCore (528)
[2022.12.17-06.59.59:701][370]LogModuleManager: Shutting down and abandoning module OpenXRInput (526)
[2022.12.17-06.59.59:701][370]LogModuleManager: Shutting down and abandoning module PlanarCut (524)
[2022.12.17-06.59.59:701][370]LogModuleManager: Shutting down and abandoning module CharacterAI (522)
[2022.12.17-06.59.59:701][370]LogModuleManager: Shutting down and abandoning module WmfMediaFactory (520)
[2022.12.17-06.59.59:701][370]LogModuleManager: Shutting down and abandoning module WebMMediaFactory (518)
[2022.12.17-06.59.59:701][370]LogModuleManager: Shutting down and abandoning module WebMMedia (516)
[2022.12.17-06.59.59:701][370]LogModuleManager: Shutting down and abandoning module OpenExrWrapper (514)
[2022.12.17-06.59.59:701][370]LogModuleManager: Shutting down and abandoning module ImgMediaFactory (512)
[2022.12.17-06.59.59:701][370]LogModuleManager: Shutting down and abandoning module AvfMediaFactory (510)
[2022.12.17-06.59.59:701][370]LogModuleManager: Shutting down and abandoning module MagicLeapMediaCodecFactory (508)
[2022.12.17-06.59.59:701][370]LogModuleManager: Shutting down and abandoning module MagicLeapMediaFactory (506)
[2022.12.17-06.59.59:701][370]LogModuleManager: Shutting down and abandoning module SessionServices (504)
[2022.12.17-06.59.59:701][370]LogModuleManager: Shutting down and abandoning module MovieSceneCapture (502)
[2022.12.17-06.59.59:701][370]LogModuleManager: Shutting down and abandoning module LiveCoding (500)
[2022.12.17-06.59.59:701][370]LogModuleManager: Shutting down and abandoning module LevelSequence (498)
[2022.12.17-06.59.59:701][370]LogModuleManager: Shutting down and abandoning module MovieSceneTracks (496)
[2022.12.17-06.59.59:701][370]LogModuleManager: Shutting down and abandoning module MovieScene (494)
[2022.12.17-06.59.59:701][370]LogModuleManager: Shutting down and abandoning module StreamingPauseRendering (492)
[2022.12.17-06.59.59:701][370]LogModuleManager: Shutting down and abandoning module PortalServices (490)
[2022.12.17-06.59.59:701][370]LogModuleManager: Shutting down and abandoning module PortalRpc (488)
[2022.12.17-06.59.59:701][370]LogModuleManager: Shutting down and abandoning module MessagingRpc (486)
[2022.12.17-06.59.59:701][370]LogModuleManager: Shutting down and abandoning module AudioMixerXAudio2 (484)
[2022.12.17-06.59.59:701][370]LogModuleManager: Shutting down and abandoning module AudioMixerCore (483)
[2022.12.17-06.59.59:701][370]LogModuleManager: Shutting down and abandoning module ImageWriteQueue (480)
[2022.12.17-06.59.59:704][370]LogModuleManager: Shutting down and abandoning module ProfilerService (478)
[2022.12.17-06.59.59:900][370]LogModuleManager: Shutting down and abandoning module TaskGraph (476)
[2022.12.17-06.59.59:900][370]LogModuleManager: Shutting down and abandoning module OculusInput (474)
[2022.12.17-06.59.59:900][370]LogModuleManager: Shutting down and abandoning module LiveLinkSequencer (472)
[2022.12.17-06.59.59:900][370]LogModuleManager: Shutting down and abandoning module LiveLinkMovieScene (470)
[2022.12.17-06.59.59:900][370]LogModuleManager: Shutting down and abandoning module LiveLinkGraphNode (468)
[2022.12.17-06.59.59:900][370]LogModuleManager: Shutting down and abandoning module LiveLinkComponents (466)
[2022.12.17-06.59.59:900][370]LogModuleManager: Shutting down and abandoning module LiveLink (464)
[2022.12.17-07.00.00:076][370]LogModuleManager: Shutting down and abandoning module TakeMovieScene (462)
[2022.12.17-07.00.00:076][370]LogModuleManager: Shutting down and abandoning module Synthesis (460)
[2022.12.17-07.00.00:076][370]LogModuleManager: Shutting down and abandoning module ProceduralMeshComponent (458)
[2022.12.17-07.00.00:076][370]LogModuleManager: Shutting down and abandoning module MobilePatchingUtils (456)
[2022.12.17-07.00.00:076][370]LogModuleManager: Shutting down and abandoning module GooglePAD (454)
[2022.12.17-07.00.00:076][370]LogModuleManager: Shutting down and abandoning module EditableMesh (452)
[2022.12.17-07.00.00:076][370]LogModuleManager: Shutting down and abandoning module CustomMeshComponent (450)
[2022.12.17-07.00.00:076][370]LogModuleManager: Shutting down and abandoning module CableComponent (448)
[2022.12.17-07.00.00:076][370]LogModuleManager: Shutting down and abandoning module AudioCapture (446)
[2022.12.17-07.00.00:076][370]LogModuleManager: Shutting down and abandoning module AudioCaptureRtAudio (445)
[2022.12.17-07.00.00:076][370]LogModuleManager: Shutting down and abandoning module AssetTags (442)
[2022.12.17-07.00.00:076][370]LogModuleManager: Shutting down and abandoning module ArchVisCharacter (440)
[2022.12.17-07.00.00:076][370]LogModuleManager: Shutting down and abandoning module AppleImageUtilsBlueprintSupport (438)
[2022.12.17-07.00.00:076][370]LogModuleManager: Shutting down and abandoning module AppleImageUtils (436)
[2022.12.17-07.00.00:076][370]LogModuleManager: Shutting down and abandoning module AndroidPermission (434)
[2022.12.17-07.00.00:076][370]LogModuleManager: Shutting down and abandoning module ActorLayerUtilities (432)
[2022.12.17-07.00.00:076][370]LogModuleManager: Shutting down and abandoning module MotoSynth (430)
[2022.12.17-07.00.00:076][370]LogModuleManager: Shutting down and abandoning module OpenImageDenoise (428)
[2022.12.17-07.00.00:076][370]LogOpenImageDenoise: OIDN shutting down
[2022.12.17-07.00.00:076][370]LogModuleManager: Shutting down and abandoning module MeshConversion (426)
[2022.12.17-07.00.00:076][370]LogModuleManager: Shutting down and abandoning module DynamicMesh (424)
[2022.12.17-07.00.00:076][370]LogModuleManager: Shutting down and abandoning module GeometryAlgorithms (422)
[2022.12.17-07.00.00:076][370]LogModuleManager: Shutting down and abandoning module GeometricObjects (420)
[2022.12.17-07.00.00:076][370]LogModuleManager: Shutting down and abandoning module TemplateSequence (418)
[2022.12.17-07.00.00:076][370]LogModuleManager: Shutting down and abandoning module GeometryCollectionTracks (416)
[2022.12.17-07.00.00:076][370]LogModuleManager: Shutting down and abandoning module GeometryCollectionSequencer (415)
[2022.12.17-07.00.00:076][370]LogModuleManager: Shutting down and abandoning module GeometryCacheTracks (412)
[2022.12.17-07.00.00:076][370]LogModuleManager: Shutting down and abandoning module GeometryCacheSequencer (411)
[2022.12.17-07.00.00:076][370]LogModuleManager: Shutting down and abandoning module GeometryCache (408)
[2022.12.17-07.00.00:076][370]LogModuleManager: Shutting down and abandoning module GeometryCacheEd (407)
[2022.12.17-07.00.00:076][370]LogModuleManager: Shutting down and abandoning module ChaosNiagara (404)
[2022.12.17-07.00.00:076][370]LogModuleManager: Shutting down and abandoning module FieldSystemEngine (403)
[2022.12.17-07.00.00:076][370]LogModuleManager: Shutting down and abandoning module BackChannel (400)
[2022.12.17-07.00.00:076][370]LogModuleManager: Shutting down and abandoning module AutomationUtils (398)
[2022.12.17-07.00.00:076][370]LogModuleManager: Shutting down and abandoning module MediaCompositing (396)
[2022.12.17-07.00.00:076][370]LogModuleManager: Shutting down and abandoning module ImgMedia (394)
[2022.12.17-07.00.00:076][370]LogModuleManager: Shutting down and abandoning module MagicLeapSharedWorld (392)
[2022.12.17-07.00.00:076][370]LogModuleManager: Shutting down and abandoning module MagicLeapLightEstimation (390)
[2022.12.17-07.00.00:076][370]LogModuleManager: Shutting down and abandoning module MagicLeapHelperVulkan (388)
[2022.12.17-07.00.00:076][370]LogModuleManager: Shutting down and abandoning module MagicLeapHelperOpenGL (386)
[2022.12.17-07.00.00:076][370]LogModuleManager: Shutting down and abandoning module MagicLeapAudio (384)
[2022.12.17-07.00.00:076][370]LogModuleManager: Shutting down and abandoning module VisualStudioSourceCodeAccess (382)
[2022.12.17-07.00.00:076][370]LogModuleManager: Shutting down and abandoning module HotReload (381)
[2022.12.17-07.00.00:076][370]LogModuleManager: Shutting down and abandoning module VisualStudioCodeSourceCodeAccess (378)
[2022.12.17-07.00.00:076][370]LogModuleManager: Shutting down and abandoning module UObjectPlugin (376)
[2022.12.17-07.00.00:076][370]LogModuleManager: Shutting down and abandoning module SubversionSourceControl (374)
[2022.12.17-07.00.00:076][370]LogModuleManager: Shutting down and abandoning module PerforceSourceControl (372)
[2022.12.17-07.00.00:076][370]LogModuleManager: Shutting down and abandoning module SourceControl (371)
[2022.12.17-07.00.00:076][370]LogModuleManager: Shutting down and abandoning module CLionSourceCodeAccess (368)
[2022.12.17-07.00.00:077][370]LogModuleManager: Shutting down and abandoning module OodleNetworkHandlerComponent (366)
[2022.12.17-07.00.00:077][370]LogModuleManager: Shutting down and abandoning module GameplayCameras (364)
[2022.12.17-07.00.00:077][370]LogModuleManager: Shutting down and abandoning module SoundFields (362)
[2022.12.17-07.00.00:077][370]LogModuleManager: Shutting down and abandoning module SignificanceManager (360)
[2022.12.17-07.00.00:077][370]LogModuleManager: Shutting down and abandoning module RuntimePhysXCooking (358)
[2022.12.17-07.00.00:077][370]LogModuleManager: Shutting down and abandoning module PropertyAccessEditor (356)
[2022.12.17-07.00.00:077][370]LogModuleManager: Shutting down and abandoning module PhysXVehiclesEditor (354)
[2022.12.17-07.00.00:077][370]LogModuleManager: Shutting down and abandoning module LocationServicesBPLibrary (350)
[2022.12.17-07.00.00:077][370]LogModuleManager: Shutting down and abandoning module AudioSynesthesia (348)
[2022.12.17-07.00.00:077][370]LogModuleManager: Shutting down and abandoning module AudioSynesthesiaCore (346)
[2022.12.17-07.00.00:077][370]LogModuleManager: Shutting down and abandoning module PythonScriptPlugin (344)
[2022.12.17-07.00.00:077][370]LogModuleManager: Shutting down and abandoning module ActorSequence (342)
[2022.12.17-07.00.00:077][370]LogModuleManager: Shutting down and abandoning module UdpMessaging (340)
[2022.12.17-07.00.00:177][370]LogModuleManager: Shutting down and abandoning module TcpMessaging (338)
[2022.12.17-07.00.00:443][370]LogModuleManager: Shutting down and abandoning module ImgMediaEngine (336)
[2022.12.17-07.00.00:443][370]LogModuleManager: Shutting down and abandoning module MagicLeapARPin (334)
[2022.12.17-07.00.00:443][370]LogModuleManager: Shutting down and abandoning module MagicLeapHandMeshing (332)
[2022.12.17-07.00.00:443][370]LogModuleManager: Shutting down and abandoning module MagicLeapSecureStorage (330)
[2022.12.17-07.00.00:443][370]LogModuleManager: Shutting down and abandoning module MagicLeapPrivileges (328)
[2022.12.17-07.00.00:443][370]LogModuleManager: Shutting down and abandoning module MagicLeapPlanes (326)
[2022.12.17-07.00.00:443][370]LogMagicLeapPlanes: Planes tracker already destroyed.
[2022.12.17-07.00.00:443][370]LogModuleManager: Shutting down and abandoning module MagicLeapImageTracker (324)
[2022.12.17-07.00.00:443][370]LogModuleManager: Shutting down and abandoning module MagicLeapIdentity (322)
[2022.12.17-07.00.00:443][370]LogModuleManager: Shutting down and abandoning module MagicLeapHandTracking (320)
[2022.12.17-07.00.00:443][370]LogModuleManager: Shutting down and abandoning module MagicLeapEyeTracker (318)
[2022.12.17-07.00.00:443][370]LogModuleManager: Shutting down and abandoning module MagicLeapController (316)
[2022.12.17-07.00.00:443][370]LogModuleManager: Shutting down and abandoning module MagicLeapARPinImpl (314)
[2022.12.17-07.00.00:443][370]LogModuleManager: Shutting down and abandoning module MagicLeapAR (312)
[2022.12.17-07.00.00:443][370]LogModuleManager: Shutting down and abandoning module NiagaraAnimNotifies (310)
[2022.12.17-07.00.00:443][370]LogModuleManager: Shutting down and abandoning module Niagara (308)
[2022.12.17-07.00.00:443][370]LogModuleManager: Shutting down and abandoning module SignalProcessing (307)
[2022.12.17-07.00.00:443][370]LogModuleManager: Shutting down and abandoning module NiagaraEditor (305)
[2022.12.17-07.00.00:443][370]LogModuleManager: Shutting down and abandoning module ContentBrowser (304)
[2022.12.17-07.00.00:443][370]LogModuleManager: Shutting down and abandoning module CollectionManager (303)
[2022.12.17-07.00.00:444][370]LogModuleManager: Shutting down and abandoning module DirectoryWatcher (302)
[2022.12.17-07.00.00:444][370]LogModuleManager: Shutting down and abandoning module ContentBrowserData (299)
[2022.12.17-07.00.00:444][370]LogModuleManager: Shutting down and abandoning module NiagaraCore (294)
[2022.12.17-07.00.00:444][370]LogModuleManager: Shutting down and abandoning module GameplayTagsEditor (292)
[2022.12.17-07.00.00:444][370]LogModuleManager: Shutting down and abandoning module FacialAnimation (290)
[2022.12.17-07.00.00:444][370]LogModuleManager: Shutting down and abandoning module AssetManagerEditor (288)
[2022.12.17-07.00.00:444][370]LogModuleManager: Shutting down and abandoning module TreeMap (287)
[2022.12.17-07.00.00:444][370]LogModuleManager: Shutting down and abandoning module PropertyAccessNode (284)
[2022.12.17-07.00.00:444][370]LogModuleManager: Shutting down and abandoning module AnimationSharing (282)
[2022.12.17-07.00.00:444][370]LogModuleManager: Shutting down and abandoning module LightPropagationVolumeRuntime (280)
[2022.12.17-07.00.00:444][370]LogModuleManager: Shutting down and abandoning module EnvironmentQueryEditor (278)
[2022.12.17-07.00.00:444][370]LogModuleManager: Shutting down and abandoning module Paper2D (276)
[2022.12.17-07.00.00:444][370]LogModuleManager: Shutting down and abandoning module WindowsMoviePlayer (274)
[2022.12.17-07.00.00:444][370]LogModuleManager: Shutting down and abandoning module WebMMoviePlayer (272)
[2022.12.17-07.00.00:444][370]LogModuleManager: Shutting down and abandoning module NetworkReplayStreaming (270)
[2022.12.17-07.00.00:444][370]LogModuleManager: Shutting down and abandoning module PacketHandler (268)
[2022.12.17-07.00.00:444][370]LogModuleManager: Shutting down and abandoning module ClothingSystemEditor (266)
[2022.12.17-07.00.00:444][370]LogModuleManager: Shutting down and abandoning module ClothingSystemRuntimeNv (264)
[2022.12.17-07.00.00:444][370]LogModuleManager: Shutting down and abandoning module MediaAssets (262)
[2022.12.17-07.00.00:444][370]LogModuleManager: Shutting down and abandoning module Overlay (260)
[2022.12.17-07.00.00:444][370]LogModuleManager: Shutting down and abandoning module OverlayEditor (259)
[2022.12.17-07.00.00:444][370]LogModuleManager: Shutting down and abandoning module VREditor (256)
[2022.12.17-07.00.00:444][370]LogModuleManager: Shutting down and abandoning module StringTableEditor (254)
[2022.12.17-07.00.00:444][370]LogModuleManager: Shutting down and abandoning module GameplayTasksEditor (252)
[2022.12.17-07.00.00:444][370]LogModuleManager: Shutting down and abandoning module BehaviorTreeEditor (250)
[2022.12.17-07.00.00:444][370]LogModuleManager: Shutting down and abandoning module FunctionalTesting (248)
[2022.12.17-07.00.00:444][370]LogModuleManager: Shutting down and abandoning module CollisionAnalyzer (246)
[2022.12.17-07.00.00:444][370]LogModuleManager: Shutting down and abandoning module WorkspaceMenuStructure (245)
[2022.12.17-07.00.00:444][370]LogModuleManager: Shutting down and abandoning module UMG (242)
[2022.12.17-07.00.00:444][370]LogModuleManager: Shutting down and abandoning module UMGEditor (241)
[2022.12.17-07.00.00:444][370]LogModuleManager: Shutting down and abandoning module Sequencer (240)
[2022.12.17-07.00.00:444][370]LogModuleManager: Shutting down and abandoning module MessageLog (237)
[2022.12.17-07.00.00:445][370]LogModuleManager: Shutting down and abandoning module SlateReflector (232)
[2022.12.17-07.00.00:445][370]LogModuleManager: Shutting down and abandoning module Slate (230)
[2022.12.17-07.00.00:445][370]LogModuleManager: Shutting down and abandoning module SlateCore (228)
[2022.12.17-07.00.00:445][370]LogModuleManager: Shutting down and abandoning module LandscapeEditorUtilities (226)
[2022.12.17-07.00.00:445][370]LogModuleManager: Shutting down and abandoning module UnrealEd (224)
[2022.12.17-07.00.00:445][370]LogModuleManager: Shutting down and abandoning module MRMesh (222)
[2022.12.17-07.00.00:445][370]LogModuleManager: Shutting down and abandoning module Messaging (220)
[2022.12.17-07.00.00:445][370]LogModuleManager: Shutting down and abandoning module SourceCodeAccess (218)
[2022.12.17-07.00.00:445][370]LogModuleManager: Shutting down and abandoning module HeadMountedDisplay (216)
[2022.12.17-07.00.00:445][370]LogModuleManager: Shutting down and abandoning module XAudio2 (214)
[2022.12.17-07.00.00:445][370]LogModuleManager: Shutting down and abandoning module Networking (212)
[2022.12.17-07.00.00:445][370]LogModuleManager: Shutting down and abandoning module Core (210)
[2022.12.17-07.00.00:445][370]LogModuleManager: Shutting down and abandoning module MaterialEditor (208)
[2022.12.17-07.00.00:445][370]LogModuleManager: Shutting down and abandoning module MovieSceneTools (206)
[2022.12.17-07.00.00:445][370]LogModuleManager: Shutting down and abandoning module EditorStyle (205)
[2022.12.17-07.00.00:446][370]LogModuleManager: Shutting down and abandoning module KismetCompiler (202)
[2022.12.17-07.00.00:446][370]LogModuleManager: Shutting down and abandoning module MeshBuilder (200)
[2022.12.17-07.00.00:446][370]LogModuleManager: Shutting down and abandoning module MeshUtilities (198)
[2022.12.17-07.00.00:446][370]LogModuleManager: Shutting down and abandoning module MeshMergeUtilities (197)
[2022.12.17-07.00.00:446][370]LogModuleManager: Shutting down and abandoning module MeshReductionInterface (196)
[2022.12.17-07.00.00:446][370]LogModuleManager: Shutting down and abandoning module MeshBoneReduction (195)
[2022.12.17-07.00.00:446][370]LogModuleManager: Shutting down and abandoning module SkeletalMeshReduction (193)
[2022.12.17-07.00.00:446][370]LogModuleManager: Shutting down and abandoning module ProxyLODMeshReduction (191)
[2022.12.17-07.00.00:446][370]LogModuleManager: Shutting down and abandoning module QuadricMeshReduction (189)
[2022.12.17-07.00.00:446][370]LogModuleManager: Shutting down and abandoning module MaterialBaking (185)
[2022.12.17-07.00.00:446][370]LogModuleManager: Shutting down and abandoning module NullInstallBundleManager (180)
[2022.12.17-07.00.00:446][370]LogModuleManager: Shutting down and abandoning module PIEPreviewDeviceProfileSelector (178)
[2022.12.17-07.00.00:446][370]LogModuleManager: Shutting down and abandoning module DerivedDataCache (176)
[2022.12.17-07.00.00:446][370]LogModuleManager: Shutting down and abandoning module TargetPlatform (174)
[2022.12.17-07.00.00:446][370]LogModuleManager: Shutting down and abandoning module VulkanShaderFormat (173)
[2022.12.17-07.00.00:446][370]LogModuleManager: Shutting down and abandoning module ShaderFormatVectorVM (171)
[2022.12.17-07.00.00:446][370]LogModuleManager: Shutting down and abandoning module ShaderFormatOpenGL (169)
[2022.12.17-07.00.00:446][370]LogModuleManager: Shutting down and abandoning module ShaderFormatD3D (167)
[2022.12.17-07.00.00:446][370]LogModuleManager: Shutting down and abandoning module MetalShaderFormat (165)
[2022.12.17-07.00.00:446][370]LogModuleManager: Shutting down and abandoning module TextureFormatOodle (163)
[2022.12.17-07.00.00:446][370]LogModuleManager: Shutting down and abandoning module TextureFormatUncompressed (161)
[2022.12.17-07.00.00:446][370]LogModuleManager: Shutting down and abandoning module TextureFormatPVR (159)
[2022.12.17-07.00.00:446][370]LogModuleManager: Shutting down and abandoning module TextureFormatETC2 (157)
[2022.12.17-07.00.00:447][370]LogModuleManager: Shutting down and abandoning module TextureFormatDXT (155)
[2022.12.17-07.00.00:447][370]LogModuleManager: Shutting down and abandoning module TextureFormatIntelISPCTexComp (153)
[2022.12.17-07.00.00:447][370]LogModuleManager: Shutting down and abandoning module TextureFormatASTC (151)
[2022.12.17-07.00.00:447][370]LogModuleManager: Shutting down and abandoning module ImageWrapper (150)
[2022.12.17-07.00.00:447][370]LogModuleManager: Shutting down and abandoning module AudioFormatOpus (147)
[2022.12.17-07.00.00:447][370]LogModuleManager: Shutting down and abandoning module AudioFormatOgg (145)
[2022.12.17-07.00.00:447][370]LogModuleManager: Shutting down and abandoning module AudioFormatADPCM (143)
[2022.12.17-07.00.00:447][370]LogModuleManager: Shutting down and abandoning module WindowsServerTargetPlatform (141)
[2022.12.17-07.00.00:447][370]LogModuleManager: Shutting down and abandoning module WindowsClientTargetPlatform (139)
[2022.12.17-07.00.00:447][370]LogModuleManager: Shutting down and abandoning module WindowsTargetPlatform (137)
[2022.12.17-07.00.00:447][370]LogModuleManager: Shutting down and abandoning module WindowsNoEditorTargetPlatform (135)
[2022.12.17-07.00.00:447][370]LogModuleManager: Shutting down and abandoning module D3D11RHI (132)
[2022.12.17-07.00.00:447][370]LogModuleManager: Shutting down and abandoning module InputCore (130)
[2022.12.17-07.00.00:447][370]LogModuleManager: Shutting down and abandoning module Settings (128)
[2022.12.17-07.00.00:447][370]LogModuleManager: Shutting down and abandoning module PhysXCooking (126)
[2022.12.17-07.00.00:447][370]LogModuleManager: Shutting down and abandoning module Chaos (124)
[2022.12.17-07.00.00:447][370]LogModuleManager: Shutting down and abandoning module WindowsPlatformFeatures (122)
[2022.12.17-07.00.00:447][370]LogModuleManager: Shutting down and abandoning module GameplayMediaEncoder (121)
[2022.12.17-07.00.00:447][370]LogModuleManager: Shutting down and abandoning module AVEncoder (120)
[2022.12.17-07.00.00:447][370]LogModuleManager: Shutting down and abandoning module SteamVRInputDevice (116)
[2022.12.17-07.00.00:447][370]LogModuleManager: Shutting down and abandoning module SteamVRInput (114)
[2022.12.17-07.00.00:447][370]LogModuleManager: Shutting down and abandoning module SteamVR (112)
[2022.12.17-07.00.00:447][370]LogHMD: Freeing OpenVRDLLHandle.
[2022.12.17-07.00.00:447][370]LogModuleManager: Shutting down and abandoning module OculusHMD (110)
[2022.12.17-07.00.00:447][370]LogModuleManager: Shutting down and abandoning module OpenXRHandTracking (108)
[2022.12.17-07.00.00:447][370]LogSlate: Slate User Destroyed.  User Index 0, Is Virtual User: 0
[2022.12.17-07.00.00:447][370]LogModuleManager: Shutting down and abandoning module OpenXREyeTracker (106)
[2022.12.17-07.00.00:447][370]LogModuleManager: Shutting down and abandoning module OpenXRAR (104)
[2022.12.17-07.00.00:447][370]LogModuleManager: Shutting down and abandoning module AugmentedReality (103)
[2022.12.17-07.00.00:447][370]LogModuleManager: Shutting down and abandoning module OpenXRHMD (100)
[2022.12.17-07.00.00:447][370]LogModuleManager: Shutting down and abandoning module ExampleDeviceProfileSelector (98)
[2022.12.17-07.00.00:447][370]LogModuleManager: Shutting down and abandoning module ChunkDownloader (96)
[2022.12.17-07.00.00:447][370]LogModuleManager: Shutting down and abandoning module LauncherChunkInstaller (94)
[2022.12.17-07.00.00:447][370]LogModuleManager: Shutting down and abandoning module OnlineBlueprintSupport (92)
[2022.12.17-07.00.00:447][370]LogModuleManager: Shutting down and abandoning module OnlineSubsystem (88)
[2022.12.17-07.00.00:448][370]LogModuleManager: Shutting down and abandoning module XMPP (83)
[2022.12.17-07.00.00:448][370]LogModuleManager: Shutting down and abandoning module WebSockets (82)
[2022.12.17-07.00.00:470][370]LogModuleManager: Shutting down and abandoning module HTTP (79)
[2022.12.17-07.00.00:470][370]LogHttp: Display: cleaning up 0 outstanding Http requests.
[2022.12.17-07.00.00:502][370]LogModuleManager: Shutting down and abandoning module SSL (78)
[2022.12.17-07.00.00:503][370]LogModuleManager: Shutting down and abandoning module ChaosCloth (74)
[2022.12.17-07.00.00:503][370]LogModuleManager: Shutting down and abandoning module WmfMedia (72)
[2022.12.17-07.00.00:504][370]LogModuleManager: Shutting down and abandoning module Media (71)
[2022.12.17-07.00.00:504][370]LogModuleManager: Shutting down and abandoning module MediaInfo (70)
[2022.12.17-07.00.00:504][370]LogModuleManager: Shutting down and abandoning module ExrReaderGpu (66)
[2022.12.17-07.00.00:504][370]LogModuleManager: Shutting down and abandoning module MLSDK (64)
[2022.12.17-07.00.00:504][370]LogModuleManager: Shutting down and abandoning module MagicLeap (62)
[2022.12.17-07.00.00:504][370]LogModuleManager: Shutting down and abandoning module NiagaraVertexFactories (60)
[2022.12.17-07.00.00:504][370]LogModuleManager: Shutting down and abandoning module NiagaraShader (58)
[2022.12.17-07.00.00:504][370]LogModuleManager: Shutting down and abandoning module VariantManagerContent (56)
[2022.12.17-07.00.00:504][370]LogModuleManager: Shutting down and abandoning module DatasmithContent (54)
[2022.12.17-07.00.00:505][370]LogModuleManager: Shutting down and abandoning module PixWinPlugin (52)
[2022.12.17-07.00.00:505][370]LogModuleManager: Shutting down and abandoning module AISupportModule (50)
[2022.12.17-07.00.00:505][370]LogModuleManager: Shutting down and abandoning module DesktopPlatform (48)
[2022.12.17-07.00.00:505][370]LogModuleManager: Shutting down and abandoning module PythonScriptPluginPreload (46)
[2022.12.17-07.00.00:505][370]LogModuleManager: Shutting down and abandoning module PlatformCryptoOpenSSL (44)
[2022.12.17-07.00.00:505][370]LogModuleManager: Shutting down and abandoning module PlatformCryptoTypes (42)
[2022.12.17-07.00.00:505][370]LogModuleManager: Shutting down and abandoning module PlatformCrypto (40)
[2022.12.17-07.00.00:505][370]LogModuleManager: Shutting down and abandoning module OodleDataCompressionFormat (38)
[2022.12.17-07.00.00:505][370]LogModuleManager: Shutting down and abandoning module XGEController (36)
[2022.12.17-07.00.00:505][370]LogModuleManager: Shutting down and abandoning module AnimationModifiers (34)
[2022.12.17-07.00.00:505][370]LogModuleManager: Shutting down and abandoning module AudioEditor (32)
[2022.12.17-07.00.00:505][370]LogModuleManager: Shutting down and abandoning module PropertyEditor (31)
[2022.12.17-07.00.00:505][370]LogModuleManager: Shutting down and abandoning module TextureCompressor (28)
[2022.12.17-07.00.00:505][370]LogModuleManager: Shutting down and abandoning module RenderCore (26)
[2022.12.17-07.00.00:505][370]LogModuleManager: Shutting down and abandoning module Landscape (24)
[2022.12.17-07.00.00:505][370]LogModuleManager: Shutting down and abandoning module SlateRHIRenderer (22)
[2022.12.17-07.00.00:505][370]LogModuleManager: Shutting down and abandoning module AnimGraphRuntime (20)
[2022.12.17-07.00.00:505][370]LogModuleManager: Shutting down and abandoning module Renderer (18)
[2022.12.17-07.00.00:505][370]LogModuleManager: Shutting down and abandoning module Engine (16)
[2022.12.17-07.00.00:505][370]LogModuleManager: Shutting down and abandoning module CoreUObject (14)
[2022.12.17-07.00.00:505][370]LogModuleManager: Shutting down and abandoning module NetworkFile (12)
[2022.12.17-07.00.00:505][370]LogModuleManager: Shutting down and abandoning module CookedIterativeFile (10)
[2022.12.17-07.00.00:505][370]LogModuleManager: Shutting down and abandoning module StreamingFile (8)
[2022.12.17-07.00.00:505][370]LogModuleManager: Shutting down and abandoning module SandboxFile (6)
[2022.12.17-07.00.00:505][370]LogModuleManager: Shutting down and abandoning module PakFile (4)
[2022.12.17-07.00.00:505][370]LogModuleManager: Shutting down and abandoning module RSA (3)
[2022.12.17-07.00.00:753][370]LogContentStreaming: Display: There are 1 unreleased StreamingManagers
[2022.12.17-07.00.00:762][370]LogD3D11RHI: Shutdown
[2022.12.17-07.00.00:762][370]LogD3D11RHI: CleanupD3DDevice
[2022.12.17-07.00.00:764][370]LogExit: Exiting.
[2022.12.17-07.00.00:786][370]Log file closed, 12/16/22 23:00:00
